2025-10-19 04:33:53.214 [warning] Dir "/home/gandinehru35/.pixi/envs" is not watchable (directory does not exist)
2025-10-19 04:33:53.376 [info] Starting Environment refresh
2025-10-19 04:33:53.412 [info] > hatch env show --json
2025-10-19 04:33:53.412 [info] cwd: .
2025-10-19 04:33:53.416 [info] Python interpreter path: /bin/python
2025-10-19 04:33:53.484 [info] > pyenv which python
2025-10-19 04:33:53.484 [info] cwd: .
2025-10-19 04:33:53.536 [info] > /bin/python -I /google/devshell/editor/code-oss-for-cloud-shell/extensions/ms-python.python/python_files/get_output_via_markers.py /google/devshell/editor/code-oss-for-cloud-shell/extensions/ms-python.python/python_files/interpreterInfo.py
2025-10-19 04:33:53.563 [info] Environments refresh paths discovered: 188 milliseconds
2025-10-19 04:33:53.650 [info] Environments refresh finished (event): 275 milliseconds
2025-10-19 04:33:53.660 [info] Environment refresh took 285 milliseconds
2025-10-19 04:33:56.874 [info] Starting Jedi language server for gandinehru35.
2025-10-19 04:35:24.556 [info] Running installed packages checker:  {
  id: '/bin/python',
  sysPrefix: '/usr',
  envType: 'Global',
  envName: '',
  envPath: '',
  path: '/bin/python',
  architecture: 3,
  sysVersion: '3.12.3 (main, Aug 14 2025, 17:47:21) [GCC 13.3.0]',
  version: {
    raw: '3.12.3',
    major: 3,
    minor: 12,
    patch: 3,
    build: [],
    prerelease: [ 'final', '0' ]
  },
  displayName: 'Python 3.12.3 64-bit',
  detailedDisplayName: 'Python 3.12.3 64-bit',
  type: undefined
} /google/devshell/editor/code-oss-for-cloud-shell/extensions/ms-python.python/python_files/installed_check.py /home/gandinehru35/banking-app/requirements.txt
2025-10-19 04:35:24.557 [info] > /bin/python /google/devshell/editor/code-oss-for-cloud-shell/extensions/ms-python.python/python_files/installed_check.py ./banking-app/requirements.txt
2025-10-19 04:37:20.374 [info] Running installed packages checker:  {
  id: '/bin/python',
  sysPrefix: '/usr',
  envType: 'Global',
  envName: '',
  envPath: '',
  path: '/bin/python',
  architecture: 3,
  sysVersion: '3.12.3 (main, Aug 14 2025, 17:47:21) [GCC 13.3.0]',
  version: {
    raw: '3.12.3',
    major: 3,
    minor: 12,
    patch: 3,
    build: [],
    prerelease: [ 'final', '0' ]
  },
  displayName: 'Python 3.12.3 64-bit',
  detailedDisplayName: 'Python 3.12.3 64-bit',
  type: undefined
} /google/devshell/editor/code-oss-for-cloud-shell/extensions/ms-python.python/python_files/installed_check.py /home/gandinehru35/banking-app/requirements.txt
2025-10-19 04:37:20.374 [info] > /bin/python /google/devshell/editor/code-oss-for-cloud-shell/extensions/ms-python.python/python_files/installed_check.py ./banking-app/requirements.txt
2025-10-19 04:37:22.133 [info] Running installed packages checker:  {
  id: '/bin/python',
  sysPrefix: '/usr',
  envType: 'Global',
  envName: '',
  envPath: '',
  path: '/bin/python',
  architecture: 3,
  sysVersion: '3.12.3 (main, Aug 14 2025, 17:47:21) [GCC 13.3.0]',
  version: {
    raw: '3.12.3',
    major: 3,
    minor: 12,
    patch: 3,
    build: [],
    prerelease: [ 'final', '0' ]
  },
  displayName: 'Python 3.12.3 64-bit',
  detailedDisplayName: 'Python 3.12.3 64-bit',
  type: undefined
} /google/devshell/editor/code-oss-for-cloud-shell/extensions/ms-python.python/python_files/installed_check.py /home/gandinehru35/banking-app/requirements.txt
2025-10-19 04:37:22.134 [info] > /bin/python /google/devshell/editor/code-oss-for-cloud-shell/extensions/ms-python.python/python_files/installed_check.py ./banking-app/requirements.txt
2025-10-19 04:37:33.351 [info] Discover tests for workspace name: gandinehru35 - uri: /home/gandinehru35/banking-app/app.py
2025-10-19 04:37:34.381 [info] Discover tests for workspace name: gandinehru35 - uri: /home/gandinehru35/banking-app/app.py
