2025-10-19 13:50:18.366 [info] [main] Log level: Info
2025-10-19 13:50:18.366 [info] [main] Validating found git in: "git"
2025-10-19 13:50:18.366 [info] [main] Using git "2.43.0" from "git"
2025-10-19 13:50:18.366 [info] [Model][doInitialScan] Initial repository scan started
2025-10-19 13:50:18.366 [info] > git rev-parse --show-toplevel [2334ms]
2025-10-19 13:50:18.366 [info] fatal: not a git repository (or any parent up to mount point /)
Stopping at filesystem boundary (GIT_DISCOVERY_ACROSS_FILESYSTEM not set).
2025-10-19 13:50:18.366 [info] > git rev-parse --show-toplevel [2ms]
2025-10-19 13:50:18.366 [info] fatal: not a git repository (or any parent up to mount point /)
Stopping at filesystem boundary (GIT_DISCOVERY_ACROSS_FILESYSTEM not set).
2025-10-19 13:50:18.386 [info] > git rev-parse --show-toplevel [10ms]
2025-10-19 13:50:18.386 [info] fatal: not a git repository (or any parent up to mount point /)
Stopping at filesystem boundary (GIT_DISCOVERY_ACROSS_FILESYSTEM not set).
2025-10-19 13:50:18.395 [info] > git rev-parse --show-toplevel [1ms]
2025-10-19 13:50:18.395 [info] fatal: not a git repository (or any parent up to mount point /)
Stopping at filesystem boundary (GIT_DISCOVERY_ACROSS_FILESYSTEM not set).
2025-10-19 13:50:18.635 [info] > git rev-parse --show-toplevel [230ms]
2025-10-19 13:50:18.635 [info] fatal: not a git repository (or any parent up to mount point /)
Stopping at filesystem boundary (GIT_DISCOVERY_ACROSS_FILESYSTEM not set).
2025-10-19 13:50:18.648 [info] > git rev-parse --show-toplevel [5ms]
2025-10-19 13:50:18.648 [info] fatal: not a git repository (or any parent up to mount point /)
Stopping at filesystem boundary (GIT_DISCOVERY_ACROSS_FILESYSTEM not set).
2025-10-19 13:50:19.229 [info] > git rev-parse --show-toplevel [332ms]
2025-10-19 13:50:19.229 [info] fatal: not a git repository (or any parent up to mount point /)
Stopping at filesystem boundary (GIT_DISCOVERY_ACROSS_FILESYSTEM not set).
2025-10-19 13:50:19.243 [info] > git rev-parse --show-toplevel [6ms]
2025-10-19 13:50:19.243 [info] fatal: not a git repository (or any parent up to mount point /)
Stopping at filesystem boundary (GIT_DISCOVERY_ACROSS_FILESYSTEM not set).
2025-10-19 13:50:19.255 [info] > git rev-parse --show-toplevel [6ms]
2025-10-19 13:50:19.255 [info] fatal: not a git repository (or any parent up to mount point /)
Stopping at filesystem boundary (GIT_DISCOVERY_ACROSS_FILESYSTEM not set).
2025-10-19 13:50:19.262 [info] > git rev-parse --show-toplevel [2ms]
2025-10-19 13:50:19.262 [info] fatal: not a git repository (or any parent up to mount point /)
Stopping at filesystem boundary (GIT_DISCOVERY_ACROSS_FILESYSTEM not set).
2025-10-19 13:50:19.270 [info] > git rev-parse --show-toplevel [1ms]
2025-10-19 13:50:19.270 [info] fatal: not a git repository (or any parent up to mount point /)
Stopping at filesystem boundary (GIT_DISCOVERY_ACROSS_FILESYSTEM not set).
2025-10-19 13:50:19.324 [info] > git rev-parse --show-toplevel [49ms]
2025-10-19 13:50:19.325 [info] fatal: not a git repository (or any parent up to mount point /)
Stopping at filesystem boundary (GIT_DISCOVERY_ACROSS_FILESYSTEM not set).
2025-10-19 13:50:19.337 [info] > git rev-parse --show-toplevel [5ms]
2025-10-19 13:50:19.337 [info] fatal: not a git repository (or any parent up to mount point /)
Stopping at filesystem boundary (GIT_DISCOVERY_ACROSS_FILESYSTEM not set).
2025-10-19 13:50:19.377 [info] > git rev-parse --show-toplevel [35ms]
2025-10-19 13:50:19.378 [info] fatal: not a git repository (or any parent up to mount point /)
Stopping at filesystem boundary (GIT_DISCOVERY_ACROSS_FILESYSTEM not set).
2025-10-19 13:50:19.378 [info] [Model][doInitialScan] Initial repository scan completed - repositories (0), closed repositories (0), parent repositories (0), unsafe repositories (0)
2025-10-19 13:50:27.920 [info] > git rev-parse --show-toplevel [3ms]
2025-10-19 13:50:27.920 [info] fatal: not a git repository (or any parent up to mount point /)
Stopping at filesystem boundary (GIT_DISCOVERY_ACROSS_FILESYSTEM not set).
2025-10-19 14:50:27.119 [info] > git rev-parse --show-toplevel [2ms]
2025-10-19 14:50:27.119 [info] fatal: not a git repository (or any parent up to mount point /)
Stopping at filesystem boundary (GIT_DISCOVERY_ACROSS_FILESYSTEM not set).
2025-10-19 14:53:55.268 [info] > git rev-parse --show-toplevel [3ms]
2025-10-19 14:53:55.268 [info] fatal: not a git repository (or any parent up to mount point /)
Stopping at filesystem boundary (GIT_DISCOVERY_ACROSS_FILESYSTEM not set).
2025-10-19 14:54:07.865 [info] > git rev-parse --show-toplevel [2ms]
2025-10-19 14:54:07.865 [info] fatal: not a git repository (or any parent up to mount point /)
Stopping at filesystem boundary (GIT_DISCOVERY_ACROSS_FILESYSTEM not set).
2025-10-19 14:54:35.714 [info] > git rev-parse --show-toplevel [2ms]
2025-10-19 14:54:35.714 [info] fatal: not a git repository (or any parent up to mount point /)
Stopping at filesystem boundary (GIT_DISCOVERY_ACROSS_FILESYSTEM not set).
2025-10-19 15:04:06.794 [info] > git rev-parse --show-toplevel [3ms]
2025-10-19 15:04:06.794 [info] fatal: not a git repository (or any parent up to mount point /)
Stopping at filesystem boundary (GIT_DISCOVERY_ACROSS_FILESYSTEM not set).
