2025-10-18 18:13:07.803 [info] [main] Log level: Info
2025-10-18 18:13:07.804 [info] [main] Validating found git in: "git"
2025-10-18 18:13:07.804 [info] [main] Using git "2.43.0" from "git"
2025-10-18 18:13:07.804 [info] [Model][doInitialScan] Initial repository scan started
2025-10-18 18:13:07.804 [info] > git rev-parse --show-toplevel [1694ms]
2025-10-18 18:13:07.804 [info] fatal: not a git repository (or any parent up to mount point /)
Stopping at filesystem boundary (GIT_DISCOVERY_ACROSS_FILESYSTEM not set).
2025-10-18 18:13:07.804 [info] > git rev-parse --show-toplevel [163ms]
2025-10-18 18:13:07.804 [info] fatal: not a git repository (or any parent up to mount point /)
Stopping at filesystem boundary (GIT_DISCOVERY_ACROSS_FILESYSTEM not set).
2025-10-18 18:13:07.804 [info] > git rev-parse --show-toplevel [4ms]
2025-10-18 18:13:07.804 [info] fatal: not a git repository (or any parent up to mount point /)
Stopping at filesystem boundary (GIT_DISCOVERY_ACROSS_FILESYSTEM not set).
2025-10-18 18:13:08.236 [info] > git rev-parse --show-toplevel [50ms]
2025-10-18 18:13:08.236 [info] fatal: not a git repository (or any parent up to mount point /)
Stopping at filesystem boundary (GIT_DISCOVERY_ACROSS_FILESYSTEM not set).
2025-10-18 18:13:08.271 [info] > git rev-parse --show-toplevel [21ms]
2025-10-18 18:13:08.272 [info] fatal: not a git repository (or any parent up to mount point /)
Stopping at filesystem boundary (GIT_DISCOVERY_ACROSS_FILESYSTEM not set).
2025-10-18 18:13:08.350 [info] > git rev-parse --show-toplevel [46ms]
2025-10-18 18:13:08.350 [info] fatal: not a git repository (or any parent up to mount point /)
Stopping at filesystem boundary (GIT_DISCOVERY_ACROSS_FILESYSTEM not set).
2025-10-18 18:13:08.382 [info] > git rev-parse --show-toplevel [16ms]
2025-10-18 18:13:08.383 [info] fatal: not a git repository (or any parent up to mount point /)
Stopping at filesystem boundary (GIT_DISCOVERY_ACROSS_FILESYSTEM not set).
2025-10-18 18:13:08.409 [info] > git rev-parse --show-toplevel [5ms]
2025-10-18 18:13:08.409 [info] fatal: not a git repository (or any parent up to mount point /)
Stopping at filesystem boundary (GIT_DISCOVERY_ACROSS_FILESYSTEM not set).
2025-10-18 18:13:08.427 [info] > git rev-parse --show-toplevel [2ms]
2025-10-18 18:13:08.427 [info] fatal: not a git repository (or any parent up to mount point /)
Stopping at filesystem boundary (GIT_DISCOVERY_ACROSS_FILESYSTEM not set).
2025-10-18 18:13:08.447 [info] > git rev-parse --show-toplevel [5ms]
2025-10-18 18:13:08.447 [info] fatal: not a git repository (or any parent up to mount point /)
Stopping at filesystem boundary (GIT_DISCOVERY_ACROSS_FILESYSTEM not set).
2025-10-18 18:13:08.464 [info] > git rev-parse --show-toplevel [2ms]
2025-10-18 18:13:08.464 [info] fatal: not a git repository (or any parent up to mount point /)
Stopping at filesystem boundary (GIT_DISCOVERY_ACROSS_FILESYSTEM not set).
2025-10-18 18:13:08.477 [info] > git rev-parse --show-toplevel [3ms]
2025-10-18 18:13:08.477 [info] fatal: not a git repository (or any parent up to mount point /)
Stopping at filesystem boundary (GIT_DISCOVERY_ACROSS_FILESYSTEM not set).
2025-10-18 18:13:08.490 [info] > git rev-parse --show-toplevel [3ms]
2025-10-18 18:13:08.490 [info] fatal: not a git repository (or any parent up to mount point /)
Stopping at filesystem boundary (GIT_DISCOVERY_ACROSS_FILESYSTEM not set).
2025-10-18 18:13:08.508 [info] > git rev-parse --show-toplevel [9ms]
2025-10-18 18:13:08.543 [info] > git rev-parse --git-dir --git-common-dir [22ms]
2025-10-18 18:13:08.562 [info] [Model][openRepository] Opened repository (path): /home/gandinehru35/anthos-service-mesh-samples
2025-10-18 18:13:08.562 [info] [Model][openRepository] Opened repository (real path): /home/gandinehru35/anthos-service-mesh-samples
2025-10-18 18:13:08.587 [info] > git rev-parse --show-toplevel [3ms]
2025-10-18 18:13:08.587 [info] fatal: not a git repository (or any parent up to mount point /)
Stopping at filesystem boundary (GIT_DISCOVERY_ACROSS_FILESYSTEM not set).
2025-10-18 18:13:08.587 [info] [Model][doInitialScan] Initial repository scan completed - repositories (1), closed repositories (0), parent repositories (0), unsafe repositories (0)
2025-10-18 18:13:08.588 [info] > git config --get commit.template [13ms]
2025-10-18 18:13:08.604 [info] > git for-each-ref --format=%(refname)%00%(upstream:short)%00%(objectname)%00%(upstream:track)%00%(upstream:remotename)%00%(upstream:remoteref) refs/heads/main refs/remotes/main [6ms]
2025-10-18 18:13:08.615 [warning] [Git][revParse] Unable to read file: ENOENT: no such file or directory, open '/home/gandinehru35/anthos-service-mesh-samples/.git/refs/remotes/origin/main'
2025-10-18 18:13:08.617 [info] > git rev-parse refs/remotes/origin/main [3ms]
2025-10-18 18:13:08.641 [info] > git for-each-ref --sort -committerdate --format %(refname)%00%(objectname)%00%(*objectname) [4ms]
2025-10-18 18:13:08.663 [info] > git status -z -uall [36ms]
2025-10-18 18:13:08.694 [info] > git for-each-ref --format=%(refname)%00%(upstream:short)%00%(objectname)%00%(upstream:track)%00%(upstream:remotename)%00%(upstream:remoteref) refs/heads/main refs/remotes/main [13ms]
2025-10-18 18:13:08.710 [info] > git config --get commit.template [16ms]
2025-10-18 18:13:08.711 [info] > git config --get --local branch.main.vscode-merge-base [7ms]
2025-10-18 18:13:08.732 [info] > git for-each-ref --format=%(refname)%00%(upstream:short)%00%(objectname)%00%(upstream:track)%00%(upstream:remotename)%00%(upstream:remoteref) refs/heads/origin/main refs/remotes/origin/main [10ms]
2025-10-18 18:13:08.779 [info] > git for-each-ref --format=%(refname)%00%(upstream:short)%00%(objectname)%00%(upstream:track)%00%(upstream:remotename)%00%(upstream:remoteref) refs/heads/main refs/remotes/main [48ms]
2025-10-18 18:13:08.792 [warning] [Git][revParse] Unable to read file: ENOENT: no such file or directory, open '/home/gandinehru35/anthos-service-mesh-samples/.git/refs/remotes/origin/main'
2025-10-18 18:13:08.793 [info] > git merge-base refs/heads/main refs/remotes/origin/main [50ms]
2025-10-18 18:13:08.804 [info] > git rev-parse refs/remotes/origin/main [13ms]
2025-10-18 18:13:08.823 [info] > git diff --name-status -z --diff-filter=ADMR b41c31d0e31afb953fa17af9339e5204a740e2bc...refs/remotes/origin/main [20ms]
2025-10-18 18:13:08.828 [info] > git for-each-ref --sort -committerdate --format %(refname)%00%(objectname)%00%(*objectname) [6ms]
2025-10-18 18:13:08.850 [info] > git status -z -uall [38ms]
2025-10-18 18:13:09.387 [info] > git check-ignore -v -z --stdin [14ms]
