2025-10-18 02:00:29.170 [info] [main] Log level: Info
2025-10-18 02:00:29.170 [info] [main] Validating found git in: "git"
2025-10-18 02:00:29.170 [info] [main] Using git "2.43.0" from "git"
2025-10-18 02:00:29.170 [info] [Model][doInitialScan] Initial repository scan started
2025-10-18 02:00:29.170 [info] > git rev-parse --show-toplevel [890ms]
2025-10-18 02:00:29.170 [info] fatal: not a git repository (or any parent up to mount point /)
Stopping at filesystem boundary (GIT_DISCOVERY_ACROSS_FILESYSTEM not set).
2025-10-18 02:00:29.170 [info] > git rev-parse --show-toplevel [31ms]
2025-10-18 02:00:29.170 [info] fatal: not a git repository (or any parent up to mount point /)
Stopping at filesystem boundary (GIT_DISCOVERY_ACROSS_FILESYSTEM not set).
2025-10-18 02:00:29.433 [info] > git rev-parse --show-toplevel [33ms]
2025-10-18 02:00:29.433 [info] fatal: not a git repository (or any parent up to mount point /)
Stopping at filesystem boundary (GIT_DISCOVERY_ACROSS_FILESYSTEM not set).
2025-10-18 02:00:29.448 [info] > git rev-parse --show-toplevel [9ms]
2025-10-18 02:00:29.448 [info] fatal: not a git repository (or any parent up to mount point /)
Stopping at filesystem boundary (GIT_DISCOVERY_ACROSS_FILESYSTEM not set).
2025-10-18 02:00:29.457 [info] > git rev-parse --show-toplevel [3ms]
2025-10-18 02:00:29.457 [info] fatal: not a git repository (or any parent up to mount point /)
Stopping at filesystem boundary (GIT_DISCOVERY_ACROSS_FILESYSTEM not set).
2025-10-18 02:00:29.467 [info] > git rev-parse --show-toplevel [2ms]
2025-10-18 02:00:29.467 [info] fatal: not a git repository (or any parent up to mount point /)
Stopping at filesystem boundary (GIT_DISCOVERY_ACROSS_FILESYSTEM not set).
2025-10-18 02:00:29.501 [info] > git rev-parse --show-toplevel [27ms]
2025-10-18 02:00:29.501 [info] fatal: not a git repository (or any parent up to mount point /)
Stopping at filesystem boundary (GIT_DISCOVERY_ACROSS_FILESYSTEM not set).
2025-10-18 02:00:29.509 [info] > git rev-parse --show-toplevel [2ms]
2025-10-18 02:00:29.509 [info] fatal: not a git repository (or any parent up to mount point /)
Stopping at filesystem boundary (GIT_DISCOVERY_ACROSS_FILESYSTEM not set).
2025-10-18 02:00:29.517 [info] > git rev-parse --show-toplevel [2ms]
2025-10-18 02:00:29.517 [info] fatal: not a git repository (or any parent up to mount point /)
Stopping at filesystem boundary (GIT_DISCOVERY_ACROSS_FILESYSTEM not set).
2025-10-18 02:00:29.527 [info] > git rev-parse --show-toplevel [2ms]
2025-10-18 02:00:29.527 [info] fatal: not a git repository (or any parent up to mount point /)
Stopping at filesystem boundary (GIT_DISCOVERY_ACROSS_FILESYSTEM not set).
2025-10-18 02:00:29.567 [info] > git rev-parse --show-toplevel [31ms]
2025-10-18 02:00:29.567 [info] fatal: not a git repository (or any parent up to mount point /)
Stopping at filesystem boundary (GIT_DISCOVERY_ACROSS_FILESYSTEM not set).
2025-10-18 02:00:29.579 [info] > git rev-parse --show-toplevel [5ms]
2025-10-18 02:00:29.579 [info] fatal: not a git repository (or any parent up to mount point /)
Stopping at filesystem boundary (GIT_DISCOVERY_ACROSS_FILESYSTEM not set).
2025-10-18 02:00:29.658 [info] > git rev-parse --show-toplevel [71ms]
2025-10-18 02:00:29.676 [info] > git rev-parse --git-dir --git-common-dir [2ms]
2025-10-18 02:00:29.690 [info] [Model][openRepository] Opened repository (path): /home/gandinehru35/anthos-service-mesh-samples
2025-10-18 02:00:29.690 [info] [Model][openRepository] Opened repository (real path): /home/gandinehru35/anthos-service-mesh-samples
2025-10-18 02:00:29.692 [info] [Model][doInitialScan] Initial repository scan completed - repositories (1), closed repositories (0), parent repositories (0), unsafe repositories (0)
2025-10-18 02:00:29.710 [info] > git config --get commit.template [10ms]
2025-10-18 02:00:29.901 [info] > git for-each-ref --format=%(refname)%00%(upstream:short)%00%(objectname)%00%(upstream:track)%00%(upstream:remotename)%00%(upstream:remoteref) refs/heads/main refs/remotes/main [194ms]
2025-10-18 02:00:29.908 [warning] [Git][revParse] Unable to read file: ENOENT: no such file or directory, open '/home/gandinehru35/anthos-service-mesh-samples/.git/refs/remotes/origin/main'
2025-10-18 02:00:29.910 [info] > git rev-parse refs/remotes/origin/main [2ms]
2025-10-18 02:00:29.932 [info] > git for-each-ref --sort -committerdate --format %(refname)%00%(objectname)%00%(*objectname) [7ms]
2025-10-18 02:00:30.207 [info] > git status -z -uall [290ms]
2025-10-18 02:00:30.240 [info] > git for-each-ref --format=%(refname)%00%(upstream:short)%00%(objectname)%00%(upstream:track)%00%(upstream:remotename)%00%(upstream:remoteref) refs/heads/main refs/remotes/main [13ms]
2025-10-18 02:00:30.250 [info] > git config --get commit.template [11ms]
2025-10-18 02:00:30.251 [info] > git config --get --local branch.main.vscode-merge-base [2ms]
2025-10-18 02:00:30.277 [info] > git check-ignore -v -z --stdin [8ms]
2025-10-18 02:00:30.278 [info] > git for-each-ref --format=%(refname)%00%(upstream:short)%00%(objectname)%00%(upstream:track)%00%(upstream:remotename)%00%(upstream:remoteref) refs/heads/origin/main refs/remotes/origin/main [19ms]
2025-10-18 02:00:30.342 [info] > git for-each-ref --format=%(refname)%00%(upstream:short)%00%(objectname)%00%(upstream:track)%00%(upstream:remotename)%00%(upstream:remoteref) refs/heads/main refs/remotes/main [67ms]
2025-10-18 02:00:30.355 [warning] [Git][revParse] Unable to read file: ENOENT: no such file or directory, open '/home/gandinehru35/anthos-service-mesh-samples/.git/refs/remotes/origin/main'
2025-10-18 02:00:30.356 [info] > git merge-base refs/heads/main refs/remotes/origin/main [70ms]
2025-10-18 02:00:30.366 [info] > git rev-parse refs/remotes/origin/main [11ms]
2025-10-18 02:00:30.383 [info] > git diff --name-status -z --diff-filter=ADMR b41c31d0e31afb953fa17af9339e5204a740e2bc...refs/remotes/origin/main [18ms]
2025-10-18 02:00:30.386 [info] > git for-each-ref --sort -committerdate --format %(refname)%00%(objectname)%00%(*objectname) [5ms]
2025-10-18 02:00:30.420 [info] > git status -z -uall [48ms]
2025-10-18 02:29:46.140 [info] > git rev-parse --show-toplevel [3ms]
2025-10-18 02:29:46.140 [info] fatal: not a git repository (or any parent up to mount point /)
Stopping at filesystem boundary (GIT_DISCOVERY_ACROSS_FILESYSTEM not set).
2025-10-18 03:14:39.223 [info] > git rev-parse --show-toplevel [3ms]
2025-10-18 03:14:39.223 [info] fatal: not a git repository (or any parent up to mount point /)
Stopping at filesystem boundary (GIT_DISCOVERY_ACROSS_FILESYSTEM not set).
2025-10-18 03:15:10.520 [info] > git rev-parse --show-toplevel [1ms]
2025-10-18 03:15:10.521 [info] fatal: not a git repository (or any parent up to mount point /)
Stopping at filesystem boundary (GIT_DISCOVERY_ACROSS_FILESYSTEM not set).
