Initializing document watcher...
Document watcher initialized
gandinehru35/network-policy.yaml: {}
gandinehru35/managed-cert.yaml: {}
gandinehru35/managed-cert.yaml: Using EditorConfig core...
gandinehru35/managed-cert.yaml: Using EditorConfig core...
gandinehru35/managed-cert.yaml: {}
No more open editors.
gandinehru35/ingress-secure.yaml: {}
gandinehru35/ingress-secure.yaml: Using EditorConfig core...
gandinehru35/ingress-secure.yaml: {}
gandinehru35/ingress-secure.yaml: Using EditorConfig core...
gandinehru35/ingress-secure.yaml: Using EditorConfig core...
gandinehru35/ingress-secure.yaml: Using EditorConfig core...
gandinehru35/ingress-secure.yaml: Using EditorConfig core...
gandinehru35/ingress-secure.yaml: Using EditorConfig core...
gandinehru35/ingress-secure.yaml: {}
gandinehru35/ingress-secure.yaml: {}
gandinehru35/network-policy.yaml: {}
gandinehru35/network-policy.yaml: Using EditorConfig core...
gandinehru35/network-policy.yaml: Using EditorConfig core...
gandinehru35/network-policy.yaml: {}
gandinehru35/network-policy.yaml: {}
gandinehru35/network-policy.yaml: {}
gandinehru35/network-policy.yaml: {}
gandinehru35/network-policy.yaml: {}
gandinehru35/helm/my-gke-app/templates/deployment-backend.yaml: {}
gandinehru35/helm/my-gke-app/templates/deployment-backend.yaml: {}
gandinehru35/helm/my-gke-app/templates/deployment-backend.yaml: {}
gandinehru35/my-gke-app/frontend: {}
gandinehru35/helm/my-gke-app/templates/deployment-backend.yaml: {}
gandinehru35/my-gke-app/backend/Dockerfile: {}
gandinehru35/my-gke-app/backend/app.yaml: {}
gandinehru35/my-gke-app/frontend/Dockerfile: {}
gandinehru35/my-gke-app/frontend/app.yaml: {}
gandinehru35/my-gke-app/frontend/app.yaml: {}
gandinehru35/my-gke-app/frontend/app.py: {}
gandinehru35/my-gke-app/frontend/index.html.py: {}
gandinehru35/my-gke-app/frontend/index.html: {}
gandinehru35/my-gke-app/backend/app.yaml: {}
gandinehru35/my-gke-app/backend/app.py: {}
gandinehru35/my-gke-app/backend/Dockerfile: {}
gandinehru35/my-gke-app/backend/Dockerfile: {}
gandinehru35/my-gke-app/backend/Dockerfile: Using EditorConfig core...
gandinehru35/my-gke-app/backend/app.py: {}
gandinehru35/my-gke-app/backend/app.py: {}
gandinehru35/my-gke-app/backend/app.py: Using EditorConfig core...
gandinehru35/my-gke-app/backend/app.py: Using EditorConfig core...
gandinehru35/my-gke-app/frontend/Dockerfile: {}
gandinehru35/my-gke-app/frontend/Dockerfile: {}
gandinehru35/my-gke-app/frontend/Dockerfile: Using EditorConfig core...
gandinehru35/my-gke-app/frontend/Dockerfile: Using EditorConfig core...
gandinehru35/my-gke-app/frontend/index.html: {}
gandinehru35/my-gke-app/frontend/index.html: {}
gandinehru35/my-gke-app/frontend/index.html: Using EditorConfig core...
gandinehru35/my-gke-app/frontend/index.html: Using EditorConfig core...
gandinehru35/my-gke-app/frontend/index.html: {}
gandinehru35/my-gke-app/frontend/index.html: {}
gandinehru35/my-gke-app/frontend/index.html: {}
gandinehru35/my-gke-app/frontend/index.html: {}
gandinehru35/my-gke-app/frontend/index.html: {}
gandinehru35/my-gke-app/frontend/index.html: {}
gandinehru35/my-gke-app/frontend/my-gke-app/helm/my-gke-app/Chart.yaml: {}
gandinehru35/my-gke-app/frontend/my-gke-app/helm/my-gke-app/Chart.yaml: Using EditorConfig core...
gandinehru35/my-gke-app/frontend/my-gke-app/helm/my-gke-app/Chart.yaml: Using EditorConfig core...
gandinehru35/my-gke-app/frontend/my-gke-app/helm/my-gke-app/Chart.yaml: Using EditorConfig core...
gandinehru35/my-gke-app/frontend/my-gke-app/helm/my-gke-app/Chart.yaml: {}
gandinehru35/my-gke-app/frontend/my-gke-app/helm/my-gke-app/values.yaml: {}
gandinehru35/my-gke-app/frontend/my-gke-app/helm/my-gke-app/values.yaml: Using EditorConfig core...
gandinehru35/my-gke-app/frontend/my-gke-app/helm/my-gke-app/values.yaml: Using EditorConfig core...
gandinehru35/my-gke-app/frontend/my-gke-app/helm/my-gke-app/values.yaml: {}
gandinehru35/my-gke-app/frontend/my-gke-app/helm/my-gke-app/values.yaml: {}
