2025-10-25 03:00:49.443 [info] [main] Log level: Info
2025-10-25 03:00:49.443 [info] [main] Validating found git in: "git"
2025-10-25 03:00:49.443 [info] [main] Using git "2.43.0" from "git"
2025-10-25 03:00:49.443 [info] [Model][doInitialScan] Initial repository scan started
2025-10-25 03:00:49.443 [info] > git rev-parse --show-toplevel [2ms]
2025-10-25 03:00:49.443 [info] [Model][doInitialScan] Initial repository scan completed - repositories (0), closed repositories (0), parent repositories (1), unsafe repositories (0)
2025-10-25 03:01:16.815 [info] > git rev-parse --show-toplevel [5ms]
2025-10-25 03:03:50.771 [info] > git rev-parse --show-toplevel [4ms]
2025-10-25 03:04:03.833 [info] > git rev-parse --show-toplevel [4ms]
2025-10-25 03:04:06.259 [info] > git rev-parse --show-toplevel [3ms]
2025-10-25 03:06:04.132 [info] > git rev-parse --show-toplevel [4ms]
2025-10-25 03:16:58.779 [info] > git rev-parse --show-toplevel [3ms]
2025-10-25 03:31:16.971 [info] > git rev-parse --show-toplevel [4ms]
2025-10-25 03:35:45.988 [info] > git rev-parse --show-toplevel [3ms]
2025-10-25 03:35:53.089 [info] > git rev-parse --show-toplevel [3ms]
2025-10-25 03:35:54.965 [info] > git rev-parse --show-toplevel [4ms]
2025-10-25 03:35:55.983 [info] > git rev-parse --show-toplevel [3ms]
2025-10-25 03:35:56.998 [info] > git rev-parse --show-toplevel [2ms]
2025-10-25 03:38:26.822 [info] > git rev-parse --show-toplevel [3ms]
2025-10-25 03:38:38.417 [info] > git rev-parse --show-toplevel [2ms]
2025-10-25 03:38:40.921 [info] > git rev-parse --show-toplevel [2ms]
2025-10-25 04:28:35.809 [info] > git rev-parse --show-toplevel [4ms]
2025-10-25 04:33:59.733 [info] > git rev-parse --show-toplevel [2ms]
2025-10-25 04:34:13.347 [info] > git rev-parse --show-toplevel [2ms]
2025-10-25 04:34:15.065 [info] > git rev-parse --show-toplevel [4ms]
2025-10-25 04:34:25.162 [info] > git rev-parse --show-toplevel [3ms]
2025-10-25 04:34:28.015 [info] > git rev-parse --show-toplevel [2ms]
2025-10-25 04:34:31.790 [info] > git rev-parse --show-toplevel [5ms]
2025-10-25 04:34:45.657 [info] > git rev-parse --show-toplevel [3ms]
2025-10-25 04:34:52.231 [info] > git rev-parse --show-toplevel [4ms]
2025-10-25 04:34:53.864 [info] > git rev-parse --show-toplevel [3ms]
2025-10-25 04:34:55.903 [info] > git rev-parse --show-toplevel [5ms]
2025-10-25 04:44:50.323 [info] > git rev-parse --show-toplevel [2ms]
2025-10-25 05:03:27.112 [info] > git rev-parse --show-toplevel [2ms]
2025-10-25 05:03:29.677 [info] > git rev-parse --show-toplevel [2ms]
2025-10-25 05:16:27.375 [info] > git rev-parse --show-toplevel [3ms]
2025-10-25 05:16:29.550 [info] > git rev-parse --show-toplevel [6ms]
2025-10-25 05:16:31.294 [info] > git rev-parse --show-toplevel [2ms]
2025-10-25 05:16:31.910 [info] > git rev-parse --show-toplevel [3ms]
2025-10-25 05:16:32.630 [info] > git rev-parse --show-toplevel [2ms]
2025-10-25 05:16:34.546 [info] > git rev-parse --show-toplevel [2ms]
2025-10-25 05:16:41.628 [info] > git rev-parse --show-toplevel [3ms]
