2025-10-24 18:35:19.792 [info] [main] Log level: Info
2025-10-24 18:35:19.792 [info] [main] Validating found git in: "git"
2025-10-24 18:35:19.792 [info] [main] Using git "2.43.0" from "git"
2025-10-24 18:35:19.792 [info] [Model][doInitialScan] Initial repository scan started
2025-10-24 18:35:19.792 [info] > git rev-parse --show-toplevel [477ms]
2025-10-24 18:35:19.792 [info] > git rev-parse --git-dir --git-common-dir [8ms]
2025-10-24 18:35:19.792 [info] [Model][openRepository] Opened repository (path): /home/gandinehru35
2025-10-24 18:35:19.792 [info] [Model][openRepository] Opened repository (real path): /home/gandinehru35
2025-10-24 18:35:19.792 [info] > git rev-parse --show-toplevel [18ms]
2025-10-24 18:35:19.792 [info] > git config --get commit.template [25ms]
2025-10-24 18:35:19.792 [info] [Git][getRemotes] No remotes found in the git config file
2025-10-24 18:35:19.794 [info] > git for-each-ref --format=%(refname)%00%(upstream:short)%00%(objectname)%00%(upstream:track)%00%(upstream:remotename)%00%(upstream:remoteref) refs/heads/master refs/remotes/master [3ms]
2025-10-24 18:35:19.812 [info] > git rev-parse --git-dir --git-common-dir [28ms]
2025-10-24 18:35:19.818 [info] [Model][openRepository] Opened repository (path): /home/gandinehru35/day1of7
2025-10-24 18:35:19.819 [info] [Model][openRepository] Opened repository (real path): /home/gandinehru35/day1of7
2025-10-24 18:35:20.057 [info] > git status -z -uall [256ms]
2025-10-24 18:35:20.058 [info] > git for-each-ref --sort -committerdate --format %(refname)%00%(objectname)%00%(*objectname) [247ms]
2025-10-24 18:35:20.068 [info] > git config --get commit.template [238ms]
2025-10-24 18:35:20.116 [info] > git for-each-ref --format=%(refname)%00%(upstream:short)%00%(objectname)%00%(upstream:track)%00%(upstream:remotename)%00%(upstream:remoteref) refs/heads/master refs/remotes/master [21ms]
2025-10-24 18:35:20.138 [info] > git config --get commit.template [25ms]
2025-10-24 18:35:20.326 [info] > git for-each-ref --format=%(refname)%00%(upstream:short)%00%(objectname)%00%(upstream:track)%00%(upstream:remotename)%00%(upstream:remoteref) refs/heads/main refs/remotes/main [196ms]
2025-10-24 18:35:20.327 [info] > git config --get --local branch.master.vscode-merge-base [204ms]
2025-10-24 18:35:20.327 [warning] [Git][config] git config failed: Failed to execute git
2025-10-24 18:35:20.436 [info] [Git][getRemotes] No remotes found in the git config file
2025-10-24 18:35:20.446 [info] > git reflog master --grep-reflog=branch: Created from *. [113ms]
2025-10-24 18:35:20.448 [info] > git rev-parse --show-toplevel [303ms]
2025-10-24 18:35:20.457 [info] > git for-each-ref --format=%(refname)%00%(upstream:short)%00%(objectname)%00%(upstream:track)%00%(upstream:remotename)%00%(upstream:remoteref) refs/heads/master refs/remotes/master [22ms]
2025-10-24 18:35:20.474 [info] > git rev-parse --show-toplevel [18ms]
2025-10-24 18:35:20.489 [info] > git for-each-ref --sort -committerdate --format %(refname)%00%(objectname)%00%(*objectname) [19ms]
2025-10-24 18:35:20.497 [info] > git status -z -uall [16ms]
2025-10-24 18:35:20.504 [info] > git rev-parse --show-toplevel [8ms]
2025-10-24 18:35:20.505 [info] > git for-each-ref --sort -committerdate --format %(refname)%00%(objectname)%00%(*objectname) [17ms]
2025-10-24 18:35:20.533 [info] > git status -z -uall [69ms]
2025-10-24 18:35:20.533 [info] > git for-each-ref --format=%(refname)%00%(upstream:short)%00%(objectname)%00%(upstream:track)%00%(upstream:remotename)%00%(upstream:remoteref) refs/heads/main refs/remotes/main [17ms]
2025-10-24 18:35:23.348 [info] > git config --get --local branch.main.vscode-merge-base [2808ms]
2025-10-24 18:35:23.348 [warning] [Git][config] git config failed: Failed to execute git
2025-10-24 18:35:23.358 [info] > git config --get commit.template [2826ms]
2025-10-24 18:35:23.359 [info] > git rev-parse --show-toplevel [2833ms]
2025-10-24 18:35:23.624 [info] > git check-ignore -v -z --stdin [181ms]
2025-10-24 18:35:23.625 [info] > git check-ignore -v -z --stdin [172ms]
2025-10-24 18:35:23.626 [info] > git reflog main --grep-reflog=branch: Created from *. [268ms]
2025-10-24 18:35:23.676 [info] > git config --get commit.template [200ms]
2025-10-24 18:35:23.676 [info] > git rev-parse --show-toplevel [210ms]
2025-10-24 18:35:23.718 [info] > git for-each-ref --format=%(refname)%00%(upstream:short)%00%(objectname)%00%(upstream:track)%00%(upstream:remotename)%00%(upstream:remoteref) refs/heads/main refs/remotes/main [70ms]
2025-10-24 18:35:23.719 [info] > git symbolic-ref --short refs/remotes/origin/HEAD [83ms]
2025-10-24 18:35:23.719 [info] fatal: ref refs/remotes/origin/HEAD is not a symbolic ref
2025-10-24 18:35:23.719 [warning] [Repository][getDefaultBranch] Failed to get default branch details: Failed to execute git.
2025-10-24 18:35:23.766 [info] [Git][getRemotes] No remotes found in the git config file
2025-10-24 18:35:23.776 [info] > git rev-parse --show-toplevel [77ms]
2025-10-24 18:35:23.796 [info] > git for-each-ref --format=%(refname)%00%(upstream:short)%00%(objectname)%00%(upstream:track)%00%(upstream:remotename)%00%(upstream:remoteref) refs/heads/master refs/remotes/master [31ms]
2025-10-24 18:35:23.832 [info] > git merge-base refs/heads/main refs/remotes/origin/main [97ms]
2025-10-24 18:35:23.894 [info] > git status -z -uall [84ms]
2025-10-24 18:35:23.894 [info] > git for-each-ref --sort -committerdate --format %(refname)%00%(objectname)%00%(*objectname) [62ms]
2025-10-24 18:35:23.896 [info] > git rev-parse --show-toplevel [102ms]
2025-10-24 18:35:23.972 [info] > git diff --name-status -z --diff-filter=ADMR 5b8eff97886d0eb81632adb63562ee95e936655f...refs/remotes/origin/main [124ms]
2025-10-24 18:35:23.989 [info] > git status -z -uall [52ms]
2025-10-24 18:35:23.990 [info] > git for-each-ref --sort -committerdate --format %(refname)%00%(objectname)%00%(*objectname) [41ms]
2025-10-24 18:35:23.999 [info] > git rev-parse --show-toplevel [16ms]
2025-10-24 18:35:24.015 [info] > git rev-parse --show-toplevel [5ms]
2025-10-24 18:35:24.031 [info] > git rev-parse --show-toplevel [4ms]
2025-10-24 18:35:24.047 [info] > git rev-parse --show-toplevel [3ms]
2025-10-24 18:35:24.149 [info] > git rev-parse --show-toplevel [89ms]
2025-10-24 18:35:24.168 [info] > git rev-parse --show-toplevel [4ms]
2025-10-24 18:35:24.168 [info] [Model][doInitialScan] Initial repository scan completed - repositories (2), closed repositories (0), parent repositories (0), unsafe repositories (0)
2025-10-24 18:35:24.193 [info] > git show --textconv :deployment.yaml [13ms]
2025-10-24 18:35:24.196 [info] > git ls-files --stage -- deployment.yaml [5ms]
2025-10-24 18:35:24.210 [info] > git cat-file -s 85ce733a5a9d7b684b3bcea1d5119a8f0c9c0056 [3ms]
2025-10-24 18:35:24.780 [info] > git blame --root --incremental 5b8eff97886d0eb81632adb63562ee95e936655f -- deployment.yaml [4ms]
2025-10-24 18:35:28.992 [info] > git config --get commit.template [4ms]
2025-10-24 18:35:28.993 [info] [Git][getRemotes] No remotes found in the git config file
2025-10-24 18:35:29.015 [info] > git for-each-ref --format=%(refname)%00%(upstream:short)%00%(objectname)%00%(upstream:track)%00%(upstream:remotename)%00%(upstream:remoteref) refs/heads/master refs/remotes/master [7ms]
2025-10-24 18:35:29.080 [info] > git for-each-ref --sort -committerdate --format %(refname)%00%(objectname)%00%(*objectname) [9ms]
2025-10-24 18:35:29.085 [info] > git status -z -uall [50ms]
2025-10-24 18:35:34.139 [info] > git config --get commit.template [1ms]
2025-10-24 18:35:34.139 [info] [Git][getRemotes] No remotes found in the git config file
2025-10-24 18:35:34.161 [info] > git for-each-ref --format=%(refname)%00%(upstream:short)%00%(objectname)%00%(upstream:track)%00%(upstream:remotename)%00%(upstream:remoteref) refs/heads/master refs/remotes/master [3ms]
2025-10-24 18:35:34.211 [info] > git for-each-ref --sort -committerdate --format %(refname)%00%(objectname)%00%(*objectname) [3ms]
2025-10-24 18:35:34.227 [info] > git status -z -uall [46ms]
2025-10-24 18:35:40.850 [info] > git check-ignore -v -z --stdin [3ms]
2025-10-24 18:35:40.920 [info] > git show --textconv :rbac-role.yaml [16ms]
2025-10-24 18:35:40.936 [info] > git ls-files --stage -- rbac-role.yaml [18ms]
2025-10-24 18:35:40.951 [info] > git hash-object -t tree /dev/null [16ms]
2025-10-24 18:35:40.952 [warning] [GitFileSystemProvider][readFile] File not found - git:/home/gandinehru35/rbac-role.yaml.git?%7B%22path%22%3A%22%2Fhome%2Fgandinehru35%2Frbac-role.yaml%22%2C%22ref%22%3A%22%22%7D
2025-10-24 18:35:40.960 [info] > git hash-object -t tree /dev/null [10ms]
2025-10-24 18:35:40.960 [warning] [GitFileSystemProvider][stat] File not found - git:/home/gandinehru35/rbac-role.yaml.git?%7B%22path%22%3A%22%2Fhome%2Fgandinehru35%2Frbac-role.yaml%22%2C%22ref%22%3A%22%22%7D
2025-10-24 18:35:43.139 [info] [Git][getRemotes] No remotes found in the git config file
2025-10-24 18:35:43.140 [info] > git config --get commit.template [16ms]
2025-10-24 18:35:43.140 [info] > git for-each-ref --format=%(refname)%00%(upstream:short)%00%(objectname)%00%(upstream:track)%00%(upstream:remotename)%00%(upstream:remoteref) refs/heads/master refs/remotes/master [2ms]
2025-10-24 18:35:43.174 [info] > git for-each-ref --sort -committerdate --format %(refname)%00%(objectname)%00%(*objectname) [2ms]
2025-10-24 18:35:43.188 [info] > git status -z -uall [32ms]
2025-10-24 18:35:50.191 [info] [Git][getRemotes] No remotes found in the git config file
2025-10-24 18:35:50.192 [info] > git config --get commit.template [16ms]
2025-10-24 18:35:50.193 [info] > git for-each-ref --format=%(refname)%00%(upstream:short)%00%(objectname)%00%(upstream:track)%00%(upstream:remotename)%00%(upstream:remoteref) refs/heads/master refs/remotes/master [3ms]
2025-10-24 18:35:50.226 [info] > git for-each-ref --sort -committerdate --format %(refname)%00%(objectname)%00%(*objectname) [3ms]
2025-10-24 18:35:50.240 [info] > git status -z -uall [33ms]
2025-10-24 18:35:55.281 [info] [Git][getRemotes] No remotes found in the git config file
2025-10-24 18:35:55.282 [info] > git config --get commit.template [15ms]
2025-10-24 18:35:55.283 [info] > git for-each-ref --format=%(refname)%00%(upstream:short)%00%(objectname)%00%(upstream:track)%00%(upstream:remotename)%00%(upstream:remoteref) refs/heads/master refs/remotes/master [2ms]
2025-10-24 18:35:55.314 [info] > git for-each-ref --sort -committerdate --format %(refname)%00%(objectname)%00%(*objectname) [2ms]
2025-10-24 18:35:55.329 [info] > git status -z -uall [33ms]
2025-10-24 18:36:00.371 [info] [Git][getRemotes] No remotes found in the git config file
2025-10-24 18:36:00.372 [info] > git config --get commit.template [17ms]
2025-10-24 18:36:00.373 [info] > git for-each-ref --format=%(refname)%00%(upstream:short)%00%(objectname)%00%(upstream:track)%00%(upstream:remotename)%00%(upstream:remoteref) refs/heads/master refs/remotes/master [2ms]
2025-10-24 18:36:00.406 [info] > git for-each-ref --sort -committerdate --format %(refname)%00%(objectname)%00%(*objectname) [3ms]
2025-10-24 18:36:00.424 [info] > git status -z -uall [38ms]
2025-10-24 18:36:05.470 [info] [Git][getRemotes] No remotes found in the git config file
2025-10-24 18:36:05.471 [info] > git config --get commit.template [16ms]
2025-10-24 18:36:05.472 [info] > git for-each-ref --format=%(refname)%00%(upstream:short)%00%(objectname)%00%(upstream:track)%00%(upstream:remotename)%00%(upstream:remoteref) refs/heads/master refs/remotes/master [2ms]
2025-10-24 18:36:05.504 [info] > git for-each-ref --sort -committerdate --format %(refname)%00%(objectname)%00%(*objectname) [2ms]
2025-10-24 18:36:05.519 [info] > git status -z -uall [33ms]
2025-10-24 18:36:09.489 [info] > git show --textconv :rbac-rolebinding.yaml [16ms]
2025-10-24 18:36:09.490 [warning] [GitFileSystemProvider][readFile] File not found - git:/home/gandinehru35/rbac-rolebinding.yaml.git?%7B%22path%22%3A%22%2Fhome%2Fgandinehru35%2Frbac-rolebinding.yaml%22%2C%22ref%22%3A%22%22%7D
2025-10-24 18:36:09.491 [info] > git ls-files --stage -- rbac-rolebinding.yaml [3ms]
2025-10-24 18:36:09.492 [warning] [GitFileSystemProvider][stat] File not found - git:/home/gandinehru35/rbac-rolebinding.yaml.git?%7B%22path%22%3A%22%2Fhome%2Fgandinehru35%2Frbac-rolebinding.yaml%22%2C%22ref%22%3A%22%22%7D
2025-10-24 18:36:09.636 [info] > git check-ignore -v -z --stdin [2ms]
2025-10-24 18:36:16.906 [info] [Git][getRemotes] No remotes found in the git config file
2025-10-24 18:36:16.921 [info] > git config --get commit.template [15ms]
2025-10-24 18:36:16.922 [info] > git for-each-ref --format=%(refname)%00%(upstream:short)%00%(objectname)%00%(upstream:track)%00%(upstream:remotename)%00%(upstream:remoteref) refs/heads/master refs/remotes/master [2ms]
2025-10-24 18:36:16.954 [info] > git for-each-ref --sort -committerdate --format %(refname)%00%(objectname)%00%(*objectname) [2ms]
2025-10-24 18:36:16.968 [info] > git status -z -uall [32ms]
2025-10-24 18:36:22.578 [info] > git config --get commit.template [4ms]
2025-10-24 18:36:22.589 [info] [Git][getRemotes] No remotes found in the git config file
2025-10-24 18:36:22.591 [info] > git for-each-ref --format=%(refname)%00%(upstream:short)%00%(objectname)%00%(upstream:track)%00%(upstream:remotename)%00%(upstream:remoteref) refs/heads/master refs/remotes/master [3ms]
2025-10-24 18:36:22.625 [info] > git for-each-ref --sort -committerdate --format %(refname)%00%(objectname)%00%(*objectname) [9ms]
2025-10-24 18:36:22.641 [info] > git status -z -uall [39ms]
2025-10-24 18:36:27.741 [info] [Git][getRemotes] No remotes found in the git config file
2025-10-24 18:36:27.742 [info] > git config --get commit.template [15ms]
2025-10-24 18:36:27.743 [info] > git for-each-ref --format=%(refname)%00%(upstream:short)%00%(objectname)%00%(upstream:track)%00%(upstream:remotename)%00%(upstream:remoteref) refs/heads/master refs/remotes/master [2ms]
2025-10-24 18:36:27.772 [info] > git for-each-ref --sort -committerdate --format %(refname)%00%(objectname)%00%(*objectname) [2ms]
2025-10-24 18:36:27.789 [info] > git status -z -uall [34ms]
2025-10-24 18:36:37.739 [info] [Git][getRemotes] No remotes found in the git config file
2025-10-24 18:36:37.740 [info] > git config --get commit.template [14ms]
2025-10-24 18:36:37.741 [info] > git for-each-ref --format=%(refname)%00%(upstream:short)%00%(objectname)%00%(upstream:track)%00%(upstream:remotename)%00%(upstream:remoteref) refs/heads/master refs/remotes/master [2ms]
2025-10-24 18:36:37.767 [info] > git for-each-ref --sort -committerdate --format %(refname)%00%(objectname)%00%(*objectname) [2ms]
2025-10-24 18:36:37.783 [info] > git status -z -uall [31ms]
2025-10-24 18:36:48.385 [info] [Git][getRemotes] No remotes found in the git config file
2025-10-24 18:36:48.386 [info] > git config --get commit.template [13ms]
2025-10-24 18:36:48.387 [info] > git for-each-ref --format=%(refname)%00%(upstream:short)%00%(objectname)%00%(upstream:track)%00%(upstream:remotename)%00%(upstream:remoteref) refs/heads/master refs/remotes/master [2ms]
2025-10-24 18:36:48.416 [info] > git for-each-ref --sort -committerdate --format %(refname)%00%(objectname)%00%(*objectname) [2ms]
2025-10-24 18:36:48.439 [info] > git status -z -uall [40ms]
2025-10-24 18:37:23.200 [info] [Git][getRemotes] No remotes found in the git config file
2025-10-24 18:37:23.201 [info] > git config --get commit.template [13ms]
2025-10-24 18:37:23.202 [info] > git for-each-ref --format=%(refname)%00%(upstream:short)%00%(objectname)%00%(upstream:track)%00%(upstream:remotename)%00%(upstream:remoteref) refs/heads/master refs/remotes/master [2ms]
2025-10-24 18:37:23.232 [info] > git for-each-ref --sort -committerdate --format %(refname)%00%(objectname)%00%(*objectname) [5ms]
2025-10-24 18:37:23.247 [info] > git status -z -uall [34ms]
2025-10-24 18:37:28.288 [info] [Git][getRemotes] No remotes found in the git config file
2025-10-24 18:37:28.289 [info] > git config --get commit.template [13ms]
2025-10-24 18:37:28.292 [info] > git for-each-ref --format=%(refname)%00%(upstream:short)%00%(objectname)%00%(upstream:track)%00%(upstream:remotename)%00%(upstream:remoteref) refs/heads/master refs/remotes/master [4ms]
2025-10-24 18:37:28.322 [info] > git for-each-ref --sort -committerdate --format %(refname)%00%(objectname)%00%(*objectname) [3ms]
2025-10-24 18:37:28.340 [info] > git status -z -uall [35ms]
2025-10-24 18:37:32.607 [info] > git check-ignore -v -z --stdin [2ms]
2025-10-24 18:37:33.124 [info] > git config --get commit.template [14ms]
2025-10-24 18:37:33.125 [info] > git for-each-ref --format=%(refname)%00%(upstream:short)%00%(objectname)%00%(upstream:track)%00%(upstream:remotename)%00%(upstream:remoteref) refs/heads/main refs/remotes/main [2ms]
2025-10-24 18:37:33.152 [info] > git status -z -uall [13ms]
2025-10-24 18:37:33.154 [info] > git for-each-ref --sort -committerdate --format %(refname)%00%(objectname)%00%(*objectname) [3ms]
2025-10-24 18:37:33.379 [info] [Git][getRemotes] No remotes found in the git config file
2025-10-24 18:37:33.379 [info] > git config --get commit.template [13ms]
2025-10-24 18:37:33.381 [info] > git for-each-ref --format=%(refname)%00%(upstream:short)%00%(objectname)%00%(upstream:track)%00%(upstream:remotename)%00%(upstream:remoteref) refs/heads/master refs/remotes/master [3ms]
2025-10-24 18:37:33.412 [info] > git for-each-ref --sort -committerdate --format %(refname)%00%(objectname)%00%(*objectname) [4ms]
2025-10-24 18:37:33.436 [info] > git status -z -uall [41ms]
2025-10-24 18:37:37.557 [info] > git check-ignore -v -z --stdin [2ms]
2025-10-24 18:37:37.710 [info] > git show --textconv :rbac-rolebinding.yaml [14ms]
2025-10-24 18:37:37.723 [info] > git ls-files --stage -- rbac-rolebinding.yaml [15ms]
2025-10-24 18:37:37.738 [info] > git hash-object -t tree /dev/null [15ms]
2025-10-24 18:37:37.738 [warning] [GitFileSystemProvider][readFile] File not found - git:/home/gandinehru35/day1of7/rbac-rolebinding.yaml.git?%7B%22path%22%3A%22%2Fhome%2Fgandinehru35%2Fday1of7%2Frbac-rolebinding.yaml%22%2C%22ref%22%3A%22%22%7D
2025-10-24 18:37:37.739 [info] > git hash-object -t tree /dev/null [3ms]
2025-10-24 18:37:37.739 [warning] [GitFileSystemProvider][stat] File not found - git:/home/gandinehru35/day1of7/rbac-rolebinding.yaml.git?%7B%22path%22%3A%22%2Fhome%2Fgandinehru35%2Fday1of7%2Frbac-rolebinding.yaml%22%2C%22ref%22%3A%22%22%7D
2025-10-24 18:37:37.863 [info] > git blame --root --incremental 5b8eff97886d0eb81632adb63562ee95e936655f -- rbac-rolebinding.yaml [2ms]
2025-10-24 18:37:37.863 [info] fatal: no such path rbac-rolebinding.yaml in 5b8eff97886d0eb81632adb63562ee95e936655f
2025-10-24 18:37:38.765 [info] > git config --get commit.template [13ms]
2025-10-24 18:37:38.788 [info] [Git][getRemotes] No remotes found in the git config file
2025-10-24 18:37:38.788 [info] > git for-each-ref --format=%(refname)%00%(upstream:short)%00%(objectname)%00%(upstream:track)%00%(upstream:remotename)%00%(upstream:remoteref) refs/heads/main refs/remotes/main [12ms]
2025-10-24 18:37:38.789 [info] > git config --get commit.template [25ms]
2025-10-24 18:37:38.790 [info] > git for-each-ref --format=%(refname)%00%(upstream:short)%00%(objectname)%00%(upstream:track)%00%(upstream:remotename)%00%(upstream:remoteref) refs/heads/master refs/remotes/master [3ms]
2025-10-24 18:37:38.851 [info] > git status -z -uall [49ms]
2025-10-24 18:37:38.851 [info] > git status -z -uall [15ms]
2025-10-24 18:37:38.851 [info] > git for-each-ref --sort -committerdate --format %(refname)%00%(objectname)%00%(*objectname) [33ms]
2025-10-24 18:37:38.866 [info] > git for-each-ref --sort -committerdate --format %(refname)%00%(objectname)%00%(*objectname) [15ms]
2025-10-24 18:37:43.893 [info] [Git][getRemotes] No remotes found in the git config file
2025-10-24 18:37:43.902 [info] > git config --get commit.template [23ms]
2025-10-24 18:37:43.905 [info] > git for-each-ref --format=%(refname)%00%(upstream:short)%00%(objectname)%00%(upstream:track)%00%(upstream:remotename)%00%(upstream:remoteref) refs/heads/master refs/remotes/master [12ms]
2025-10-24 18:37:43.945 [info] > git for-each-ref --sort -committerdate --format %(refname)%00%(objectname)%00%(*objectname) [10ms]
2025-10-24 18:37:43.958 [info] > git status -z -uall [38ms]
2025-10-24 18:37:45.192 [info] > git ls-files --stage -- service.yaml [3ms]
2025-10-24 18:37:45.227 [info] > git show --textconv :service.yaml [52ms]
2025-10-24 18:37:45.228 [info] > git cat-file -s c06520b2ba1729708f2c81b63b54a524e60aa934 [24ms]
2025-10-24 18:37:45.384 [info] > git blame --root --incremental 5b8eff97886d0eb81632adb63562ee95e936655f -- service.yaml [3ms]
2025-10-24 18:37:48.990 [info] [Git][getRemotes] No remotes found in the git config file
2025-10-24 18:37:49.006 [info] > git config --get commit.template [17ms]
2025-10-24 18:37:49.008 [info] > git for-each-ref --format=%(refname)%00%(upstream:short)%00%(objectname)%00%(upstream:track)%00%(upstream:remotename)%00%(upstream:remoteref) refs/heads/master refs/remotes/master [3ms]
2025-10-24 18:37:49.047 [info] > git for-each-ref --sort -committerdate --format %(refname)%00%(objectname)%00%(*objectname) [5ms]
2025-10-24 18:37:49.066 [info] > git status -z -uall [41ms]
2025-10-24 18:37:51.677 [info] > git show --textconv :banking-app/k8s/secret.yaml [23ms]
2025-10-24 18:37:51.679 [info] > git ls-files --stage -- banking-app/k8s/secret.yaml [7ms]
2025-10-24 18:37:51.709 [info] > git cat-file -s ee16735e8a08c4fed723721b22bfd3308a47c35e [4ms]
2025-10-24 18:37:51.887 [info] > git blame --root --incremental 2d12e91dc4708f31af93f30a5b1a84ece821c64c -- banking-app/k8s/secret.yaml [35ms]
2025-10-24 18:37:52.123 [info] > git check-ignore -v -z --stdin [3ms]
2025-10-24 18:37:54.098 [info] [Git][getRemotes] No remotes found in the git config file
2025-10-24 18:37:54.111 [info] > git config --get commit.template [14ms]
2025-10-24 18:37:54.113 [info] > git for-each-ref --format=%(refname)%00%(upstream:short)%00%(objectname)%00%(upstream:track)%00%(upstream:remotename)%00%(upstream:remoteref) refs/heads/master refs/remotes/master [3ms]
2025-10-24 18:37:54.148 [info] > git for-each-ref --sort -committerdate --format %(refname)%00%(objectname)%00%(*objectname) [4ms]
2025-10-24 18:37:54.166 [info] > git status -z -uall [39ms]
2025-10-24 18:37:59.203 [info] [Git][getRemotes] No remotes found in the git config file
2025-10-24 18:37:59.203 [info] > git config --get commit.template [14ms]
2025-10-24 18:37:59.205 [info] > git for-each-ref --format=%(refname)%00%(upstream:short)%00%(objectname)%00%(upstream:track)%00%(upstream:remotename)%00%(upstream:remoteref) refs/heads/master refs/remotes/master [3ms]
2025-10-24 18:37:59.232 [info] > git for-each-ref --sort -committerdate --format %(refname)%00%(objectname)%00%(*objectname) [3ms]
2025-10-24 18:37:59.251 [info] > git status -z -uall [35ms]
2025-10-24 18:38:04.275 [info] [Git][getRemotes] No remotes found in the git config file
2025-10-24 18:38:04.288 [info] > git config --get commit.template [13ms]
2025-10-24 18:38:04.290 [info] > git for-each-ref --format=%(refname)%00%(upstream:short)%00%(objectname)%00%(upstream:track)%00%(upstream:remotename)%00%(upstream:remoteref) refs/heads/master refs/remotes/master [3ms]
2025-10-24 18:38:04.318 [info] > git for-each-ref --sort -committerdate --format %(refname)%00%(objectname)%00%(*objectname) [3ms]
2025-10-24 18:38:04.338 [info] > git status -z -uall [37ms]
2025-10-24 18:38:05.223 [info] > git ls-files --stage -- Dockerfile [2ms]
2025-10-24 18:38:05.244 [info] > git show --textconv :Dockerfile [34ms]
2025-10-24 18:38:05.244 [info] > git cat-file -s 8954b3c33b7b5fb5ae96372c08041a5016033de5 [10ms]
2025-10-24 18:38:05.337 [info] > git blame --root --incremental 5b8eff97886d0eb81632adb63562ee95e936655f -- Dockerfile [3ms]
2025-10-24 18:38:11.504 [info] [Git][getRemotes] No remotes found in the git config file
2025-10-24 18:38:11.504 [info] > git config --get commit.template [12ms]
2025-10-24 18:38:11.506 [info] > git for-each-ref --format=%(refname)%00%(upstream:short)%00%(objectname)%00%(upstream:track)%00%(upstream:remotename)%00%(upstream:remoteref) refs/heads/master refs/remotes/master [3ms]
2025-10-24 18:38:11.533 [info] > git for-each-ref --sort -committerdate --format %(refname)%00%(objectname)%00%(*objectname) [2ms]
2025-10-24 18:38:11.549 [info] > git status -z -uall [31ms]
2025-10-24 18:39:04.258 [info] [Git][getRemotes] No remotes found in the git config file
2025-10-24 18:39:04.271 [info] > git config --get commit.template [14ms]
2025-10-24 18:39:04.272 [info] > git for-each-ref --format=%(refname)%00%(upstream:short)%00%(objectname)%00%(upstream:track)%00%(upstream:remotename)%00%(upstream:remoteref) refs/heads/master refs/remotes/master [2ms]
2025-10-24 18:39:04.300 [info] > git for-each-ref --sort -committerdate --format %(refname)%00%(objectname)%00%(*objectname) [2ms]
2025-10-24 18:39:04.319 [info] > git status -z -uall [35ms]
2025-10-24 18:39:09.238 [info] > git show --textconv :deployment.yaml [13ms]
2025-10-24 18:39:09.239 [info] > git ls-files --stage -- deployment.yaml [2ms]
2025-10-24 18:39:09.253 [info] > git cat-file -s 85ce733a5a9d7b684b3bcea1d5119a8f0c9c0056 [3ms]
2025-10-24 18:39:09.356 [info] [Git][getRemotes] No remotes found in the git config file
2025-10-24 18:39:09.357 [info] > git config --get commit.template [13ms]
2025-10-24 18:39:09.361 [info] > git for-each-ref --format=%(refname)%00%(upstream:short)%00%(objectname)%00%(upstream:track)%00%(upstream:remotename)%00%(upstream:remoteref) refs/heads/master refs/remotes/master [5ms]
2025-10-24 18:39:09.390 [info] > git for-each-ref --sort -committerdate --format %(refname)%00%(objectname)%00%(*objectname) [2ms]
2025-10-24 18:39:09.408 [info] > git status -z -uall [35ms]
2025-10-24 18:39:14.445 [info] [Git][getRemotes] No remotes found in the git config file
2025-10-24 18:39:14.446 [info] > git config --get commit.template [13ms]
2025-10-24 18:39:14.447 [info] > git for-each-ref --format=%(refname)%00%(upstream:short)%00%(objectname)%00%(upstream:track)%00%(upstream:remotename)%00%(upstream:remoteref) refs/heads/master refs/remotes/master [2ms]
2025-10-24 18:39:14.482 [info] > git for-each-ref --sort -committerdate --format %(refname)%00%(objectname)%00%(*objectname) [2ms]
2025-10-24 18:39:14.497 [info] > git status -z -uall [32ms]
2025-10-24 18:39:19.536 [info] [Git][getRemotes] No remotes found in the git config file
2025-10-24 18:39:19.537 [info] > git config --get commit.template [13ms]
2025-10-24 18:39:19.545 [info] > git for-each-ref --format=%(refname)%00%(upstream:short)%00%(objectname)%00%(upstream:track)%00%(upstream:remotename)%00%(upstream:remoteref) refs/heads/master refs/remotes/master [9ms]
2025-10-24 18:39:19.572 [info] > git for-each-ref --sort -committerdate --format %(refname)%00%(objectname)%00%(*objectname) [2ms]
2025-10-24 18:39:19.588 [info] > git status -z -uall [32ms]
2025-10-24 18:39:24.624 [info] [Git][getRemotes] No remotes found in the git config file
2025-10-24 18:39:24.625 [info] > git config --get commit.template [14ms]
2025-10-24 18:39:24.626 [info] > git for-each-ref --format=%(refname)%00%(upstream:short)%00%(objectname)%00%(upstream:track)%00%(upstream:remotename)%00%(upstream:remoteref) refs/heads/master refs/remotes/master [2ms]
2025-10-24 18:39:24.653 [info] > git for-each-ref --sort -committerdate --format %(refname)%00%(objectname)%00%(*objectname) [3ms]
2025-10-24 18:39:24.670 [info] > git status -z -uall [32ms]
2025-10-24 18:39:29.696 [info] [Git][getRemotes] No remotes found in the git config file
2025-10-24 18:39:29.708 [info] > git config --get commit.template [12ms]
2025-10-24 18:39:29.710 [info] > git for-each-ref --format=%(refname)%00%(upstream:short)%00%(objectname)%00%(upstream:track)%00%(upstream:remotename)%00%(upstream:remoteref) refs/heads/master refs/remotes/master [3ms]
2025-10-24 18:39:29.739 [info] > git for-each-ref --sort -committerdate --format %(refname)%00%(objectname)%00%(*objectname) [3ms]
2025-10-24 18:39:29.759 [info] > git status -z -uall [37ms]
2025-10-24 18:39:34.796 [info] [Git][getRemotes] No remotes found in the git config file
2025-10-24 18:39:34.797 [info] > git config --get commit.template [14ms]
2025-10-24 18:39:34.798 [info] > git for-each-ref --format=%(refname)%00%(upstream:short)%00%(objectname)%00%(upstream:track)%00%(upstream:remotename)%00%(upstream:remoteref) refs/heads/master refs/remotes/master [2ms]
2025-10-24 18:39:34.826 [info] > git for-each-ref --sort -committerdate --format %(refname)%00%(objectname)%00%(*objectname) [2ms]
2025-10-24 18:39:34.848 [info] > git status -z -uall [36ms]
2025-10-24 18:39:34.905 [info] > git config --get commit.template [12ms]
2025-10-24 18:39:34.907 [info] > git for-each-ref --format=%(refname)%00%(upstream:short)%00%(objectname)%00%(upstream:track)%00%(upstream:remotename)%00%(upstream:remoteref) refs/heads/main refs/remotes/main [2ms]
2025-10-24 18:39:34.931 [info] > git status -z -uall [12ms]
2025-10-24 18:39:34.933 [info] > git for-each-ref --sort -committerdate --format %(refname)%00%(objectname)%00%(*objectname) [3ms]
2025-10-24 18:39:39.881 [info] [Git][getRemotes] No remotes found in the git config file
2025-10-24 18:39:39.881 [info] > git config --get commit.template [12ms]
2025-10-24 18:39:39.883 [info] > git for-each-ref --format=%(refname)%00%(upstream:short)%00%(objectname)%00%(upstream:track)%00%(upstream:remotename)%00%(upstream:remoteref) refs/heads/master refs/remotes/master [3ms]
2025-10-24 18:39:39.910 [info] > git for-each-ref --sort -committerdate --format %(refname)%00%(objectname)%00%(*objectname) [3ms]
2025-10-24 18:39:39.926 [info] > git status -z -uall [32ms]
2025-10-24 18:39:39.961 [info] > git config --get commit.template [13ms]
2025-10-24 18:39:39.962 [info] > git for-each-ref --format=%(refname)%00%(upstream:short)%00%(objectname)%00%(upstream:track)%00%(upstream:remotename)%00%(upstream:remoteref) refs/heads/main refs/remotes/main [2ms]
2025-10-24 18:39:39.990 [info] > git status -z -uall [15ms]
2025-10-24 18:39:39.992 [info] > git for-each-ref --sort -committerdate --format %(refname)%00%(objectname)%00%(*objectname) [5ms]
2025-10-24 18:39:44.959 [info] [Git][getRemotes] No remotes found in the git config file
2025-10-24 18:39:44.960 [info] > git config --get commit.template [13ms]
2025-10-24 18:39:44.961 [info] > git for-each-ref --format=%(refname)%00%(upstream:short)%00%(objectname)%00%(upstream:track)%00%(upstream:remotename)%00%(upstream:remoteref) refs/heads/master refs/remotes/master [2ms]
2025-10-24 18:39:44.990 [info] > git for-each-ref --sort -committerdate --format %(refname)%00%(objectname)%00%(*objectname) [3ms]
2025-10-24 18:39:45.008 [info] > git status -z -uall [36ms]
2025-10-24 18:39:46.270 [info] > git config --get commit.template [14ms]
2025-10-24 18:39:46.271 [info] > git for-each-ref --format=%(refname)%00%(upstream:short)%00%(objectname)%00%(upstream:track)%00%(upstream:remotename)%00%(upstream:remoteref) refs/heads/main refs/remotes/main [3ms]
2025-10-24 18:39:46.295 [info] > git status -z -uall [12ms]
2025-10-24 18:39:46.297 [info] > git for-each-ref --sort -committerdate --format %(refname)%00%(objectname)%00%(*objectname) [3ms]
2025-10-24 18:39:50.030 [info] [Git][getRemotes] No remotes found in the git config file
2025-10-24 18:39:50.042 [info] > git config --get commit.template [12ms]
2025-10-24 18:39:50.044 [info] > git for-each-ref --format=%(refname)%00%(upstream:short)%00%(objectname)%00%(upstream:track)%00%(upstream:remotename)%00%(upstream:remoteref) refs/heads/master refs/remotes/master [2ms]
2025-10-24 18:39:50.071 [info] > git for-each-ref --sort -committerdate --format %(refname)%00%(objectname)%00%(*objectname) [3ms]
2025-10-24 18:39:50.087 [info] > git status -z -uall [31ms]
2025-10-24 18:39:52.358 [info] > git config --get commit.template [12ms]
2025-10-24 18:39:52.360 [info] > git for-each-ref --format=%(refname)%00%(upstream:short)%00%(objectname)%00%(upstream:track)%00%(upstream:remotename)%00%(upstream:remoteref) refs/heads/main refs/remotes/main [3ms]
2025-10-24 18:39:52.385 [info] > git status -z -uall [12ms]
2025-10-24 18:39:52.386 [info] > git for-each-ref --sort -committerdate --format %(refname)%00%(objectname)%00%(*objectname) [2ms]
2025-10-24 18:39:59.607 [info] > git config --get commit.template [12ms]
2025-10-24 18:39:59.608 [info] > git for-each-ref --format=%(refname)%00%(upstream:short)%00%(objectname)%00%(upstream:track)%00%(upstream:remotename)%00%(upstream:remoteref) refs/heads/main refs/remotes/main [2ms]
2025-10-24 18:39:59.633 [info] > git status -z -uall [13ms]
2025-10-24 18:39:59.635 [info] > git for-each-ref --sort -committerdate --format %(refname)%00%(objectname)%00%(*objectname) [3ms]
2025-10-24 18:40:04.663 [info] > git config --get commit.template [13ms]
2025-10-24 18:40:04.665 [info] > git for-each-ref --format=%(refname)%00%(upstream:short)%00%(objectname)%00%(upstream:track)%00%(upstream:remotename)%00%(upstream:remoteref) refs/heads/main refs/remotes/main [3ms]
2025-10-24 18:40:04.690 [info] > git status -z -uall [13ms]
2025-10-24 18:40:04.692 [info] > git for-each-ref --sort -committerdate --format %(refname)%00%(objectname)%00%(*objectname) [3ms]
2025-10-24 18:40:04.951 [info] [Git][getRemotes] No remotes found in the git config file
2025-10-24 18:40:04.953 [info] > git config --get commit.template [15ms]
2025-10-24 18:40:04.953 [info] > git for-each-ref --format=%(refname)%00%(upstream:short)%00%(objectname)%00%(upstream:track)%00%(upstream:remotename)%00%(upstream:remoteref) refs/heads/master refs/remotes/master [2ms]
2025-10-24 18:40:04.984 [info] > git for-each-ref --sort -committerdate --format %(refname)%00%(objectname)%00%(*objectname) [4ms]
2025-10-24 18:40:05.007 [info] > git status -z -uall [41ms]
2025-10-24 18:40:10.042 [info] [Git][getRemotes] No remotes found in the git config file
2025-10-24 18:40:10.043 [info] > git config --get commit.template [13ms]
2025-10-24 18:40:10.044 [info] > git for-each-ref --format=%(refname)%00%(upstream:short)%00%(objectname)%00%(upstream:track)%00%(upstream:remotename)%00%(upstream:remoteref) refs/heads/master refs/remotes/master [3ms]
2025-10-24 18:40:10.072 [info] > git for-each-ref --sort -committerdate --format %(refname)%00%(objectname)%00%(*objectname) [5ms]
2025-10-24 18:40:10.087 [info] > git status -z -uall [32ms]
2025-10-24 18:40:15.122 [info] [Git][getRemotes] No remotes found in the git config file
2025-10-24 18:40:15.122 [info] > git config --get commit.template [13ms]
2025-10-24 18:40:15.124 [info] > git for-each-ref --format=%(refname)%00%(upstream:short)%00%(objectname)%00%(upstream:track)%00%(upstream:remotename)%00%(upstream:remoteref) refs/heads/master refs/remotes/master [3ms]
2025-10-24 18:40:15.155 [info] > git for-each-ref --sort -committerdate --format %(refname)%00%(objectname)%00%(*objectname) [3ms]
2025-10-24 18:40:15.173 [info] > git status -z -uall [35ms]
2025-10-24 18:40:19.567 [info] > git config --get commit.template [14ms]
2025-10-24 18:40:19.569 [info] > git for-each-ref --format=%(refname)%00%(upstream:short)%00%(objectname)%00%(upstream:track)%00%(upstream:remotename)%00%(upstream:remoteref) refs/heads/main refs/remotes/main [3ms]
2025-10-24 18:40:19.593 [info] > git status -z -uall [11ms]
2025-10-24 18:40:19.594 [info] > git for-each-ref --sort -committerdate --format %(refname)%00%(objectname)%00%(*objectname) [2ms]
2025-10-24 18:40:24.054 [info] [Git][getRemotes] No remotes found in the git config file
2025-10-24 18:40:24.058 [info] > git for-each-ref --format=%(refname)%00%(upstream:short)%00%(objectname)%00%(upstream:track)%00%(upstream:remotename)%00%(upstream:remoteref) refs/heads/master refs/remotes/master [56ms]
2025-10-24 18:40:24.058 [info] > git config --get commit.template [68ms]
2025-10-24 18:40:24.088 [info] > git for-each-ref --sort -committerdate --format %(refname)%00%(objectname)%00%(*objectname) [4ms]
2025-10-24 18:40:24.106 [info] > git status -z -uall [36ms]
2025-10-24 18:40:24.621 [info] > git config --get commit.template [12ms]
2025-10-24 18:40:24.622 [info] > git for-each-ref --format=%(refname)%00%(upstream:short)%00%(objectname)%00%(upstream:track)%00%(upstream:remotename)%00%(upstream:remoteref) refs/heads/main refs/remotes/main [2ms]
2025-10-24 18:40:24.647 [info] > git status -z -uall [13ms]
2025-10-24 18:40:24.649 [info] > git for-each-ref --sort -committerdate --format %(refname)%00%(objectname)%00%(*objectname) [3ms]
2025-10-24 18:40:29.129 [info] [Git][getRemotes] No remotes found in the git config file
2025-10-24 18:40:29.142 [info] > git config --get commit.template [14ms]
2025-10-24 18:40:29.143 [info] > git for-each-ref --format=%(refname)%00%(upstream:short)%00%(objectname)%00%(upstream:track)%00%(upstream:remotename)%00%(upstream:remoteref) refs/heads/master refs/remotes/master [2ms]
2025-10-24 18:40:29.171 [info] > git for-each-ref --sort -committerdate --format %(refname)%00%(objectname)%00%(*objectname) [3ms]
2025-10-24 18:40:29.187 [info] > git status -z -uall [33ms]
2025-10-24 18:40:34.223 [info] [Git][getRemotes] No remotes found in the git config file
2025-10-24 18:40:34.224 [info] > git config --get commit.template [14ms]
2025-10-24 18:40:34.225 [info] > git for-each-ref --format=%(refname)%00%(upstream:short)%00%(objectname)%00%(upstream:track)%00%(upstream:remotename)%00%(upstream:remoteref) refs/heads/master refs/remotes/master [2ms]
2025-10-24 18:40:34.254 [info] > git for-each-ref --sort -committerdate --format %(refname)%00%(objectname)%00%(*objectname) [3ms]
2025-10-24 18:40:34.272 [info] > git status -z -uall [35ms]
2025-10-24 18:48:23.936 [info] [Git][getRemotes] No remotes found in the git config file
2025-10-24 18:48:23.936 [info] > git config --get commit.template [13ms]
2025-10-24 18:48:23.937 [info] > git for-each-ref --format=%(refname)%00%(upstream:short)%00%(objectname)%00%(upstream:track)%00%(upstream:remotename)%00%(upstream:remoteref) refs/heads/master refs/remotes/master [2ms]
2025-10-24 18:48:23.964 [info] > git for-each-ref --sort -committerdate --format %(refname)%00%(objectname)%00%(*objectname) [3ms]
2025-10-24 18:48:23.980 [info] > git status -z -uall [31ms]
2025-10-24 18:48:29.021 [info] [Git][getRemotes] No remotes found in the git config file
2025-10-24 18:48:29.022 [info] > git config --get commit.template [14ms]
2025-10-24 18:48:29.024 [info] > git for-each-ref --format=%(refname)%00%(upstream:short)%00%(objectname)%00%(upstream:track)%00%(upstream:remotename)%00%(upstream:remoteref) refs/heads/master refs/remotes/master [4ms]
2025-10-24 18:48:29.053 [info] > git for-each-ref --sort -committerdate --format %(refname)%00%(objectname)%00%(*objectname) [4ms]
2025-10-24 18:48:29.070 [info] > git status -z -uall [35ms]
2025-10-24 18:48:34.109 [info] [Git][getRemotes] No remotes found in the git config file
2025-10-24 18:48:34.110 [info] > git config --get commit.template [14ms]
2025-10-24 18:48:34.112 [info] > git for-each-ref --format=%(refname)%00%(upstream:short)%00%(objectname)%00%(upstream:track)%00%(upstream:remotename)%00%(upstream:remoteref) refs/heads/master refs/remotes/master [3ms]
2025-10-24 18:48:34.145 [info] > git for-each-ref --sort -committerdate --format %(refname)%00%(objectname)%00%(*objectname) [3ms]
2025-10-24 18:48:34.163 [info] > git status -z -uall [39ms]
2025-10-24 18:48:37.333 [info] > git check-ignore -v -z --stdin [2ms]
2025-10-24 18:48:37.528 [info] > git show --textconv :network [13ms]
2025-10-24 18:48:37.529 [warning] [GitFileSystemProvider][readFile] File not found - git:/home/gandinehru35/day1of7/network.git?%7B%22path%22%3A%22%2Fhome%2Fgandinehru35%2Fday1of7%2Fnetwork%22%2C%22ref%22%3A%22%22%7D
2025-10-24 18:48:37.530 [info] > git ls-files --stage -- network [3ms]
2025-10-24 18:48:37.531 [warning] [GitFileSystemProvider][stat] File not found - git:/home/gandinehru35/day1of7/network.git?%7B%22path%22%3A%22%2Fhome%2Fgandinehru35%2Fday1of7%2Fnetwork%22%2C%22ref%22%3A%22%22%7D
2025-10-24 18:48:38.082 [info] > git config --get commit.template [13ms]
2025-10-24 18:48:38.083 [info] > git for-each-ref --format=%(refname)%00%(upstream:short)%00%(objectname)%00%(upstream:track)%00%(upstream:remotename)%00%(upstream:remoteref) refs/heads/main refs/remotes/main [3ms]
2025-10-24 18:48:38.109 [info] > git status -z -uall [13ms]
2025-10-24 18:48:38.112 [info] > git for-each-ref --sort -committerdate --format %(refname)%00%(objectname)%00%(*objectname) [4ms]
2025-10-24 18:48:42.523 [info] [Git][getRemotes] No remotes found in the git config file
2025-10-24 18:48:42.524 [info] > git config --get commit.template [13ms]
2025-10-24 18:48:42.525 [info] > git for-each-ref --format=%(refname)%00%(upstream:short)%00%(objectname)%00%(upstream:track)%00%(upstream:remotename)%00%(upstream:remoteref) refs/heads/master refs/remotes/master [2ms]
2025-10-24 18:48:42.553 [info] > git for-each-ref --sort -committerdate --format %(refname)%00%(objectname)%00%(*objectname) [3ms]
2025-10-24 18:48:42.574 [info] > git status -z -uall [37ms]
2025-10-24 18:48:47.612 [info] [Git][getRemotes] No remotes found in the git config file
2025-10-24 18:48:47.613 [info] > git config --get commit.template [12ms]
2025-10-24 18:48:47.614 [info] > git for-each-ref --format=%(refname)%00%(upstream:short)%00%(objectname)%00%(upstream:track)%00%(upstream:remotename)%00%(upstream:remoteref) refs/heads/master refs/remotes/master [2ms]
2025-10-24 18:48:47.641 [info] > git for-each-ref --sort -committerdate --format %(refname)%00%(objectname)%00%(*objectname) [2ms]
2025-10-24 18:48:47.657 [info] > git status -z -uall [32ms]
2025-10-24 18:48:49.062 [info] > git show --textconv :network-policy.yaml [13ms]
2025-10-24 18:48:49.064 [warning] [GitFileSystemProvider][readFile] File not found - git:/home/gandinehru35/day1of7/network-policy.yaml.git?%7B%22path%22%3A%22%2Fhome%2Fgandinehru35%2Fday1of7%2Fnetwork-policy.yaml%22%2C%22ref%22%3A%22%22%7D
2025-10-24 18:48:49.064 [info] > git ls-files --stage -- network-policy.yaml [3ms]
2025-10-24 18:48:49.065 [warning] [GitFileSystemProvider][stat] File not found - git:/home/gandinehru35/day1of7/network-policy.yaml.git?%7B%22path%22%3A%22%2Fhome%2Fgandinehru35%2Fday1of7%2Fnetwork-policy.yaml%22%2C%22ref%22%3A%22%22%7D
2025-10-24 18:48:49.127 [info] > git check-ignore -v -z --stdin [2ms]
2025-10-24 18:48:49.531 [info] > git config --get commit.template [13ms]
2025-10-24 18:48:49.532 [info] > git for-each-ref --format=%(refname)%00%(upstream:short)%00%(objectname)%00%(upstream:track)%00%(upstream:remotename)%00%(upstream:remoteref) refs/heads/main refs/remotes/main [2ms]
2025-10-24 18:48:49.558 [info] > git status -z -uall [13ms]
2025-10-24 18:48:49.559 [info] > git for-each-ref --sort -committerdate --format %(refname)%00%(objectname)%00%(*objectname) [2ms]
2025-10-24 18:48:52.680 [info] [Git][getRemotes] No remotes found in the git config file
2025-10-24 18:48:52.692 [info] > git config --get commit.template [13ms]
2025-10-24 18:48:52.694 [info] > git for-each-ref --format=%(refname)%00%(upstream:short)%00%(objectname)%00%(upstream:track)%00%(upstream:remotename)%00%(upstream:remoteref) refs/heads/master refs/remotes/master [2ms]
2025-10-24 18:48:52.721 [info] > git for-each-ref --sort -committerdate --format %(refname)%00%(objectname)%00%(*objectname) [3ms]
2025-10-24 18:48:52.738 [info] > git status -z -uall [32ms]
2025-10-24 18:48:55.314 [info] > git config --get commit.template [12ms]
2025-10-24 18:48:55.316 [info] > git for-each-ref --format=%(refname)%00%(upstream:short)%00%(objectname)%00%(upstream:track)%00%(upstream:remotename)%00%(upstream:remoteref) refs/heads/main refs/remotes/main [3ms]
2025-10-24 18:48:55.341 [info] > git status -z -uall [14ms]
2025-10-24 18:48:55.343 [info] > git for-each-ref --sort -committerdate --format %(refname)%00%(objectname)%00%(*objectname) [2ms]
2025-10-24 18:48:57.760 [info] [Git][getRemotes] No remotes found in the git config file
2025-10-24 18:48:57.772 [info] > git config --get commit.template [13ms]
2025-10-24 18:48:57.773 [info] > git for-each-ref --format=%(refname)%00%(upstream:short)%00%(objectname)%00%(upstream:track)%00%(upstream:remotename)%00%(upstream:remoteref) refs/heads/master refs/remotes/master [2ms]
2025-10-24 18:48:57.800 [info] > git for-each-ref --sort -committerdate --format %(refname)%00%(objectname)%00%(*objectname) [2ms]
2025-10-24 18:48:57.816 [info] > git status -z -uall [31ms]
2025-10-24 18:49:02.850 [info] [Git][getRemotes] No remotes found in the git config file
2025-10-24 18:49:02.851 [info] > git config --get commit.template [12ms]
2025-10-24 18:49:02.852 [info] > git for-each-ref --format=%(refname)%00%(upstream:short)%00%(objectname)%00%(upstream:track)%00%(upstream:remotename)%00%(upstream:remoteref) refs/heads/master refs/remotes/master [2ms]
2025-10-24 18:49:02.880 [info] > git for-each-ref --sort -committerdate --format %(refname)%00%(objectname)%00%(*objectname) [3ms]
2025-10-24 18:49:02.895 [info] > git status -z -uall [31ms]
2025-10-24 19:40:59.364 [info] > git config --get commit.template [3ms]
2025-10-24 19:40:59.378 [info] [Git][getRemotes] No remotes found in the git config file
2025-10-24 19:40:59.380 [info] > git for-each-ref --format=%(refname)%00%(upstream:short)%00%(objectname)%00%(upstream:track)%00%(upstream:remotename)%00%(upstream:remoteref) refs/heads/master refs/remotes/master [2ms]
2025-10-24 19:40:59.414 [info] > git for-each-ref --sort -committerdate --format %(refname)%00%(objectname)%00%(*objectname) [3ms]
2025-10-24 19:40:59.429 [info] > git status -z -uall [34ms]
2025-10-24 19:41:04.474 [info] [Git][getRemotes] No remotes found in the git config file
2025-10-24 19:41:04.475 [info] > git config --get commit.template [17ms]
2025-10-24 19:41:04.476 [info] > git for-each-ref --format=%(refname)%00%(upstream:short)%00%(objectname)%00%(upstream:track)%00%(upstream:remotename)%00%(upstream:remoteref) refs/heads/master refs/remotes/master [2ms]
2025-10-24 19:41:04.510 [info] > git for-each-ref --sort -committerdate --format %(refname)%00%(objectname)%00%(*objectname) [3ms]
2025-10-24 19:41:04.523 [info] > git status -z -uall [32ms]
2025-10-24 19:41:09.550 [info] [Git][getRemotes] No remotes found in the git config file
2025-10-24 19:41:09.566 [info] > git config --get commit.template [17ms]
2025-10-24 19:41:09.568 [info] > git for-each-ref --format=%(refname)%00%(upstream:short)%00%(objectname)%00%(upstream:track)%00%(upstream:remotename)%00%(upstream:remoteref) refs/heads/master refs/remotes/master [3ms]
2025-10-24 19:41:09.603 [info] > git for-each-ref --sort -committerdate --format %(refname)%00%(objectname)%00%(*objectname) [3ms]
2025-10-24 19:41:09.617 [info] > git status -z -uall [34ms]
2025-10-24 19:41:14.644 [info] [Git][getRemotes] No remotes found in the git config file
2025-10-24 19:41:14.659 [info] > git config --get commit.template [15ms]
2025-10-24 19:41:14.661 [info] > git for-each-ref --format=%(refname)%00%(upstream:short)%00%(objectname)%00%(upstream:track)%00%(upstream:remotename)%00%(upstream:remoteref) refs/heads/master refs/remotes/master [3ms]
2025-10-24 19:41:14.694 [info] > git for-each-ref --sort -committerdate --format %(refname)%00%(objectname)%00%(*objectname) [3ms]
2025-10-24 19:41:14.708 [info] > git status -z -uall [33ms]
2025-10-24 19:41:19.743 [info] [Git][getRemotes] No remotes found in the git config file
2025-10-24 19:41:19.761 [info] > git config --get commit.template [18ms]
2025-10-24 19:41:19.763 [info] > git for-each-ref --format=%(refname)%00%(upstream:short)%00%(objectname)%00%(upstream:track)%00%(upstream:remotename)%00%(upstream:remoteref) refs/heads/master refs/remotes/master [2ms]
2025-10-24 19:41:19.799 [info] > git for-each-ref --sort -committerdate --format %(refname)%00%(objectname)%00%(*objectname) [3ms]
2025-10-24 19:41:19.820 [info] > git status -z -uall [41ms]
2025-10-24 19:41:24.862 [info] [Git][getRemotes] No remotes found in the git config file
2025-10-24 19:41:24.863 [info] > git config --get commit.template [18ms]
2025-10-24 19:41:24.866 [info] > git for-each-ref --format=%(refname)%00%(upstream:short)%00%(objectname)%00%(upstream:track)%00%(upstream:remotename)%00%(upstream:remoteref) refs/heads/master refs/remotes/master [3ms]
2025-10-24 19:41:24.900 [info] > git for-each-ref --sort -committerdate --format %(refname)%00%(objectname)%00%(*objectname) [2ms]
2025-10-24 19:41:24.913 [info] > git status -z -uall [32ms]
2025-10-24 19:41:29.957 [info] [Git][getRemotes] No remotes found in the git config file
2025-10-24 19:41:29.957 [info] > git config --get commit.template [18ms]
2025-10-24 19:41:29.961 [info] > git for-each-ref --format=%(refname)%00%(upstream:short)%00%(objectname)%00%(upstream:track)%00%(upstream:remotename)%00%(upstream:remoteref) refs/heads/master refs/remotes/master [5ms]
2025-10-24 19:41:30.003 [info] > git for-each-ref --sort -committerdate --format %(refname)%00%(objectname)%00%(*objectname) [4ms]
2025-10-24 19:41:30.041 [info] > git status -z -uall [64ms]
2025-10-24 19:41:35.094 [info] [Git][getRemotes] No remotes found in the git config file
2025-10-24 19:41:35.096 [info] > git config --get commit.template [20ms]
2025-10-24 19:41:35.099 [info] > git for-each-ref --format=%(refname)%00%(upstream:short)%00%(objectname)%00%(upstream:track)%00%(upstream:remotename)%00%(upstream:remoteref) refs/heads/master refs/remotes/master [5ms]
2025-10-24 19:41:35.144 [info] > git for-each-ref --sort -committerdate --format %(refname)%00%(objectname)%00%(*objectname) [3ms]
2025-10-24 19:41:35.178 [info] > git status -z -uall [60ms]
2025-10-24 19:41:36.602 [warning] [Git][getHEAD] Failed to parse HEAD file: ENOENT: no such file or directory, open '/home/gandinehru35/day1of7/.git/HEAD'
2025-10-24 19:41:36.631 [warning] [Git][getRemotes] Error: ENOENT: no such file or directory, open '/home/gandinehru35/day1of7/.git/config'
2025-10-24 19:41:36.666 [warning] [Git][getHEAD] Failed to parse HEAD file: ENOENT: no such file or directory, open '/home/gandinehru35/day1of7/.git/HEAD'
2025-10-24 19:41:36.696 [warning] [Git][getRemotes] Error: ENOENT: no such file or directory, open '/home/gandinehru35/day1of7/.git/config'
2025-10-24 19:41:37.409 [info] > git check-ignore -v -z --stdin [3ms]
2025-10-24 19:41:42.464 [info] > git check-ignore -v -z --stdin [3ms]
2025-10-24 19:41:45.706 [info] [Git][getRemotes] No remotes found in the git config file
2025-10-24 19:41:45.707 [info] > git config --get commit.template [19ms]
2025-10-24 19:41:45.708 [info] > git for-each-ref --format=%(refname)%00%(upstream:short)%00%(objectname)%00%(upstream:track)%00%(upstream:remotename)%00%(upstream:remoteref) refs/heads/master refs/remotes/master [3ms]
2025-10-24 19:41:45.741 [info] > git for-each-ref --sort -committerdate --format %(refname)%00%(objectname)%00%(*objectname) [3ms]
2025-10-24 19:41:45.749 [info] > git status -z -uall [27ms]
2025-10-24 19:41:50.776 [info] [Git][getRemotes] No remotes found in the git config file
2025-10-24 19:41:50.794 [info] > git for-each-ref --format=%(refname)%00%(upstream:short)%00%(objectname)%00%(upstream:track)%00%(upstream:remotename)%00%(upstream:remoteref) refs/heads/master refs/remotes/master [3ms]
2025-10-24 19:41:50.794 [info] > git config --get commit.template [19ms]
2025-10-24 19:41:50.830 [info] > git for-each-ref --sort -committerdate --format %(refname)%00%(objectname)%00%(*objectname) [3ms]
2025-10-24 19:41:50.838 [info] > git status -z -uall [28ms]
2025-10-24 19:41:55.880 [info] [Git][getRemotes] No remotes found in the git config file
2025-10-24 19:41:55.881 [info] > git config --get commit.template [16ms]
2025-10-24 19:41:55.882 [info] > git for-each-ref --format=%(refname)%00%(upstream:short)%00%(objectname)%00%(upstream:track)%00%(upstream:remotename)%00%(upstream:remoteref) refs/heads/master refs/remotes/master [2ms]
2025-10-24 19:41:55.915 [info] > git for-each-ref --sort -committerdate --format %(refname)%00%(objectname)%00%(*objectname) [3ms]
2025-10-24 19:41:55.924 [info] > git status -z -uall [28ms]
2025-10-24 19:42:00.953 [info] [Git][getRemotes] No remotes found in the git config file
2025-10-24 19:42:00.968 [info] > git config --get commit.template [16ms]
2025-10-24 19:42:00.970 [info] > git for-each-ref --format=%(refname)%00%(upstream:short)%00%(objectname)%00%(upstream:track)%00%(upstream:remotename)%00%(upstream:remoteref) refs/heads/master refs/remotes/master [3ms]
2025-10-24 19:42:01.005 [info] > git for-each-ref --sort -committerdate --format %(refname)%00%(objectname)%00%(*objectname) [2ms]
2025-10-24 19:42:01.014 [info] > git status -z -uall [30ms]
2025-10-24 19:42:06.056 [info] [Git][getRemotes] No remotes found in the git config file
2025-10-24 19:42:06.057 [info] > git config --get commit.template [17ms]
2025-10-24 19:42:06.058 [info] > git for-each-ref --format=%(refname)%00%(upstream:short)%00%(objectname)%00%(upstream:track)%00%(upstream:remotename)%00%(upstream:remoteref) refs/heads/master refs/remotes/master [2ms]
2025-10-24 19:42:06.092 [info] > git for-each-ref --sort -committerdate --format %(refname)%00%(objectname)%00%(*objectname) [2ms]
2025-10-24 19:42:06.102 [info] > git status -z -uall [29ms]
2025-10-24 19:42:11.143 [info] [Git][getRemotes] No remotes found in the git config file
2025-10-24 19:42:11.143 [info] > git config --get commit.template [16ms]
2025-10-24 19:42:11.145 [info] > git for-each-ref --format=%(refname)%00%(upstream:short)%00%(objectname)%00%(upstream:track)%00%(upstream:remotename)%00%(upstream:remoteref) refs/heads/master refs/remotes/master [3ms]
2025-10-24 19:42:11.179 [info] > git for-each-ref --sort -committerdate --format %(refname)%00%(objectname)%00%(*objectname) [3ms]
2025-10-24 19:42:11.188 [info] > git status -z -uall [28ms]
2025-10-24 19:42:16.231 [info] [Git][getRemotes] No remotes found in the git config file
2025-10-24 19:42:16.232 [info] > git config --get commit.template [17ms]
2025-10-24 19:42:16.234 [info] > git for-each-ref --format=%(refname)%00%(upstream:short)%00%(objectname)%00%(upstream:track)%00%(upstream:remotename)%00%(upstream:remoteref) refs/heads/master refs/remotes/master [3ms]
2025-10-24 19:42:16.281 [info] > git for-each-ref --sort -committerdate --format %(refname)%00%(objectname)%00%(*objectname) [4ms]
2025-10-24 19:42:16.290 [info] > git status -z -uall [32ms]
2025-10-24 19:42:21.336 [info] [Git][getRemotes] No remotes found in the git config file
2025-10-24 19:42:21.337 [info] > git config --get commit.template [17ms]
2025-10-24 19:42:21.340 [info] > git for-each-ref --format=%(refname)%00%(upstream:short)%00%(objectname)%00%(upstream:track)%00%(upstream:remotename)%00%(upstream:remoteref) refs/heads/master refs/remotes/master [5ms]
2025-10-24 19:42:21.378 [info] > git for-each-ref --sort -committerdate --format %(refname)%00%(objectname)%00%(*objectname) [3ms]
2025-10-24 19:42:21.386 [info] > git status -z -uall [29ms]
2025-10-24 20:09:44.202 [info] [Git][getRemotes] No remotes found in the git config file
2025-10-24 20:09:44.203 [info] > git config --get commit.template [12ms]
2025-10-24 20:09:44.203 [info] > git for-each-ref --format=%(refname)%00%(upstream:short)%00%(objectname)%00%(upstream:track)%00%(upstream:remotename)%00%(upstream:remoteref) refs/heads/master refs/remotes/master [2ms]
2025-10-24 20:09:44.231 [info] > git for-each-ref --sort -committerdate --format %(refname)%00%(objectname)%00%(*objectname) [3ms]
2025-10-24 20:09:44.243 [info] > git status -z -uall [28ms]
