Initializing document watcher...
Document watcher initialized
gandinehru35/network-policy.yaml: {}
gandinehru35/network-policy.yaml: {}
gandinehru35/managed-cert.yaml: {}
gandinehru35/managed-cert.yaml: {}
gandinehru35/managed-cert.yaml: Using EditorConfig core...
gandinehru35/managed-cert.yaml: Using EditorConfig core...
gandinehru35/managed-cert.yaml: {}
gandinehru35/ingress-secure.yaml: {}
gandinehru35/ingress-secure.yaml: {}
gandinehru35/ingress-secure.yaml: Using EditorConfig core...
gandinehru35/ingress-secure.yaml: Using EditorConfig core...
gandinehru35/ingress-secure.yaml: {}
gandinehru35/ingress-secure.yaml: {}
gandinehru35/ingress-secure.yaml: {}
gandinehru35/ingress-secure.yaml: {}
gandinehru35/ingress-secure.yaml: Using EditorConfig core...
gandinehru35/ingress-secure.yaml: Using EditorConfig core...
gandinehru35/ingress-secure.yaml: {}
gandinehru35/ingress-secure.yaml: {}
gandinehru35/ingress-secure.yaml: {}
gandinehru35/ingress-secure.yaml: {}
gandinehru35/ingress-secure.yaml: {}
gandinehru35/helm/my-gke-app/Chart.yaml: {}
gandinehru35/helm/my-gke-app/Chart.yaml: Using EditorConfig core...
gandinehru35/helm/my-gke-app/Chart.yaml: {}
gandinehru35/helm/my-gke-app/values.yaml: {}
gandinehru35/helm/my-gke-app/values.yaml: {}
gandinehru35/helm/my-gke-app/values.yaml: Using EditorConfig core...
gandinehru35/helm/my-gke-app/values.yaml: Using EditorConfig core...
gandinehru35/helm/my-gke-app/values.yaml: {}
gandinehru35/helm/my-gke-app/values.yaml: {}
gandinehru35/helm/my-gke-app/values.yaml: Using EditorConfig core...
gandinehru35/helm/my-gke-app/values.yaml: Using EditorConfig core...
gandinehru35/ingress-secure.yaml: {}
gandinehru35/helm/my-gke-app/values.yaml: {}
gandinehru35/helm/my-gke-app/values.yaml: Using EditorConfig core...
gandinehru35/helm/my-gke-app/values.yaml: Using EditorConfig core...
gandinehru35/helm/my-gke-app/values.yaml: Using EditorConfig core...
gandinehru35/helm/my-gke-app/values.yaml: Using EditorConfig core...
gandinehru35/helm/my-gke-app/values.yaml: {}
gandinehru35/helm/my-gke-app/values.yaml: {}
gandinehru35/helm/my-gke-app/templates/deployment-backend.yaml: {}
gandinehru35/helm/my-gke-app/templates/deployment-backend.yaml: Using EditorConfig core...
gandinehru35/helm/my-gke-app/templates/deployment-backend.yaml: Using EditorConfig core...
gandinehru35/helm/my-gke-app/templates/deployment-backend.yaml: Using EditorConfig core...
gandinehru35/helm/my-gke-app/templates/deployment-backend.yaml: {}
gandinehru35/helm/my-gke-app/Chart.yaml: {}
gandinehru35/helm/my-gke-app/Chart.yaml: {}
gandinehru35/helm/my-gke-app/values.yaml: {}
gandinehru35/helm/my-gke-app/values.yaml: Using EditorConfig core...
gandinehru35/helm/my-gke-app/values.yaml: Using EditorConfig core...
gandinehru35/helm/my-gke-app/values.yaml: Using EditorConfig core...
gandinehru35/helm/my-gke-app/values.yaml: {}
No more open editors.
gandinehru35/app.yaml: {}
gandinehru35/app.yaml: Using EditorConfig core...
gandinehru35/app.yaml: Using EditorConfig core...
gandinehru35/app.yaml: {}
gandinehru35/app.yaml: {}
gandinehru35/network-policy.yaml: {}
gandinehru35/network-policy.yaml: {}
gandinehru35/network-policy.yaml: Using EditorConfig core...
gandinehru35/network-policy.yaml: Using EditorConfig core...
gandinehru35/network-policy.yaml: {}
