[Error - 2:55:46 PM] (node:2129) [DEP0040] DeprecationWarning: The `punycode` module is deprecated. Please use a userland alternative instead.
(Use `node --trace-deprecation ...` to show where the warning was created)
[Error - 2:55:49 PM] Error making request: The user aborted a request.
[Error - 3:46:23 PM] Request textDocument/documentSymbol failed.
Error: name must not be falsy
    at Function.validate (file:///google/devshell/editor/code-oss-for-cloud-shell/out/vs/workbench/api/node/extensionHostProcess.js:107:22125)
    at new Kv (file:///google/devshell/editor/code-oss-for-cloud-shell/out/vs/workbench/api/node/extensionHostProcess.js:107:22352)
    at G (/google/devshell/editor/code-oss-for-cloud-shell/extensions/cloudcode/dist/extension.js:14:11655596)
    at c (/google/devshell/editor/code-oss-for-cloud-shell/extensions/cloudcode/dist/extension.js:14:11694286)
    at Object.t.map (/google/devshell/editor/code-oss-for-cloud-shell/extensions/cloudcode/dist/extension.js:14:11694372)
    at Object.asSymbolInformations (/google/devshell/editor/code-oss-for-cloud-shell/extensions/cloudcode/dist/extension.js:14:11663703)
    at a (/google/devshell/editor/code-oss-for-cloud-shell/extensions/cloudcode/dist/extension.js:14:11599929)
    at uP.provideDocumentSymbols (file:///google/devshell/editor/code-oss-for-cloud-shell/out/vs/workbench/api/node/extensionHostProcess.js:140:127694)
[Error - 3:46:23 PM] Request textDocument/documentSymbol failed.
Error: name must not be falsy
    at Function.validate (file:///google/devshell/editor/code-oss-for-cloud-shell/out/vs/workbench/api/node/extensionHostProcess.js:107:22125)
    at new Kv (file:///google/devshell/editor/code-oss-for-cloud-shell/out/vs/workbench/api/node/extensionHostProcess.js:107:22352)
    at G (/google/devshell/editor/code-oss-for-cloud-shell/extensions/cloudcode/dist/extension.js:14:11655596)
    at c (/google/devshell/editor/code-oss-for-cloud-shell/extensions/cloudcode/dist/extension.js:14:11694286)
    at Object.t.map (/google/devshell/editor/code-oss-for-cloud-shell/extensions/cloudcode/dist/extension.js:14:11694372)
    at Object.asSymbolInformations (/google/devshell/editor/code-oss-for-cloud-shell/extensions/cloudcode/dist/extension.js:14:11663703)
    at a (/google/devshell/editor/code-oss-for-cloud-shell/extensions/cloudcode/dist/extension.js:14:11599929)
    at uP.provideDocumentSymbols (file:///google/devshell/editor/code-oss-for-cloud-shell/out/vs/workbench/api/node/extensionHostProcess.js:140:127694)
[Error - 3:46:39 PM] Request textDocument/documentSymbol failed.
Error: name must not be falsy
    at Function.validate (file:///google/devshell/editor/code-oss-for-cloud-shell/out/vs/workbench/api/node/extensionHostProcess.js:107:22125)
    at new Kv (file:///google/devshell/editor/code-oss-for-cloud-shell/out/vs/workbench/api/node/extensionHostProcess.js:107:22352)
    at G (/google/devshell/editor/code-oss-for-cloud-shell/extensions/cloudcode/dist/extension.js:14:11655596)
    at c (/google/devshell/editor/code-oss-for-cloud-shell/extensions/cloudcode/dist/extension.js:14:11694286)
    at Object.t.map (/google/devshell/editor/code-oss-for-cloud-shell/extensions/cloudcode/dist/extension.js:14:11694372)
    at Object.asSymbolInformations (/google/devshell/editor/code-oss-for-cloud-shell/extensions/cloudcode/dist/extension.js:14:11663703)
    at a (/google/devshell/editor/code-oss-for-cloud-shell/extensions/cloudcode/dist/extension.js:14:11599929)
    at uP.provideDocumentSymbols (file:///google/devshell/editor/code-oss-for-cloud-shell/out/vs/workbench/api/node/extensionHostProcess.js:140:127694)
[Error - 3:46:39 PM] Request textDocument/documentSymbol failed.
Error: name must not be falsy
    at Function.validate (file:///google/devshell/editor/code-oss-for-cloud-shell/out/vs/workbench/api/node/extensionHostProcess.js:107:22125)
    at new Kv (file:///google/devshell/editor/code-oss-for-cloud-shell/out/vs/workbench/api/node/extensionHostProcess.js:107:22352)
    at G (/google/devshell/editor/code-oss-for-cloud-shell/extensions/cloudcode/dist/extension.js:14:11655596)
    at c (/google/devshell/editor/code-oss-for-cloud-shell/extensions/cloudcode/dist/extension.js:14:11694286)
    at Object.t.map (/google/devshell/editor/code-oss-for-cloud-shell/extensions/cloudcode/dist/extension.js:14:11694372)
    at Object.asSymbolInformations (/google/devshell/editor/code-oss-for-cloud-shell/extensions/cloudcode/dist/extension.js:14:11663703)
    at a (/google/devshell/editor/code-oss-for-cloud-shell/extensions/cloudcode/dist/extension.js:14:11599929)
    at uP.provideDocumentSymbols (file:///google/devshell/editor/code-oss-for-cloud-shell/out/vs/workbench/api/node/extensionHostProcess.js:140:127694)
[Error - 3:46:40 PM] Request textDocument/documentSymbol failed.
Error: name must not be falsy
    at Function.validate (file:///google/devshell/editor/code-oss-for-cloud-shell/out/vs/workbench/api/node/extensionHostProcess.js:107:22125)
    at new Kv (file:///google/devshell/editor/code-oss-for-cloud-shell/out/vs/workbench/api/node/extensionHostProcess.js:107:22352)
    at G (/google/devshell/editor/code-oss-for-cloud-shell/extensions/cloudcode/dist/extension.js:14:11655596)
    at c (/google/devshell/editor/code-oss-for-cloud-shell/extensions/cloudcode/dist/extension.js:14:11694286)
    at Object.t.map (/google/devshell/editor/code-oss-for-cloud-shell/extensions/cloudcode/dist/extension.js:14:11694372)
    at Object.asSymbolInformations (/google/devshell/editor/code-oss-for-cloud-shell/extensions/cloudcode/dist/extension.js:14:11663703)
    at a (/google/devshell/editor/code-oss-for-cloud-shell/extensions/cloudcode/dist/extension.js:14:11599929)
    at runNextTicks (node:internal/process/task_queues:65:5)
    at processImmediate (node:internal/timers:453:9)
    at uP.provideDocumentSymbols (file:///google/devshell/editor/code-oss-for-cloud-shell/out/vs/workbench/api/node/extensionHostProcess.js:140:127694)
[Error - 3:46:40 PM] Request textDocument/documentSymbol failed.
Error: name must not be falsy
    at Function.validate (file:///google/devshell/editor/code-oss-for-cloud-shell/out/vs/workbench/api/node/extensionHostProcess.js:107:22125)
    at new Kv (file:///google/devshell/editor/code-oss-for-cloud-shell/out/vs/workbench/api/node/extensionHostProcess.js:107:22352)
    at G (/google/devshell/editor/code-oss-for-cloud-shell/extensions/cloudcode/dist/extension.js:14:11655596)
    at c (/google/devshell/editor/code-oss-for-cloud-shell/extensions/cloudcode/dist/extension.js:14:11694286)
    at Object.t.map (/google/devshell/editor/code-oss-for-cloud-shell/extensions/cloudcode/dist/extension.js:14:11694372)
    at Object.asSymbolInformations (/google/devshell/editor/code-oss-for-cloud-shell/extensions/cloudcode/dist/extension.js:14:11663703)
    at a (/google/devshell/editor/code-oss-for-cloud-shell/extensions/cloudcode/dist/extension.js:14:11599929)
    at uP.provideDocumentSymbols (file:///google/devshell/editor/code-oss-for-cloud-shell/out/vs/workbench/api/node/extensionHostProcess.js:140:127694)
[Error - 5:02:49 PM] Error making request: The user aborted a request.
[Error - 5:02:49 PM] Error making request: The user aborted a request.
[Error - 5:02:49 PM] Error making request: The user aborted a request.
[Error - 5:02:49 PM] Error making request: The user aborted a request.
[Error - 5:02:52 PM] Error making request: The user aborted a request.
[Error - 5:02:52 PM] Error making request: The user aborted a request.
[Error - 5:02:52 PM] Error making request: The user aborted a request.
[Error - 5:02:52 PM] Error making request: The user aborted a request.
[Error - 5:18:54 PM] Error making request: The user aborted a request.
[Error - 5:18:54 PM] Error making request: The user aborted a request.
[Error - 5:18:54 PM] Error making request: The user aborted a request.
