2025-10-20 09:07:33.499 [info] [main] Log level: Info
2025-10-20 09:07:33.499 [info] [main] Validating found git in: "git"
2025-10-20 09:07:33.499 [info] [main] Using git "2.43.0" from "git"
2025-10-20 09:07:33.499 [info] [Model][doInitialScan] Initial repository scan started
2025-10-20 09:07:33.499 [info] > git rev-parse --show-toplevel [1961ms]
2025-10-20 09:07:33.499 [info] fatal: not a git repository (or any parent up to mount point /)
Stopping at filesystem boundary (GIT_DISCOVERY_ACROSS_FILESYSTEM not set).
2025-10-20 09:07:33.678 [info] > git rev-parse --show-toplevel [178ms]
2025-10-20 09:07:33.678 [info] fatal: not a git repository (or any parent up to mount point /)
Stopping at filesystem boundary (GIT_DISCOVERY_ACROSS_FILESYSTEM not set).
2025-10-20 09:07:33.687 [info] > git rev-parse --show-toplevel [3ms]
2025-10-20 09:07:33.687 [info] fatal: not a git repository (or any parent up to mount point /)
Stopping at filesystem boundary (GIT_DISCOVERY_ACROSS_FILESYSTEM not set).
2025-10-20 09:07:36.631 [info] > git rev-parse --show-toplevel [9ms]
2025-10-20 09:07:36.631 [info] fatal: not a git repository (or any parent up to mount point /)
Stopping at filesystem boundary (GIT_DISCOVERY_ACROSS_FILESYSTEM not set).
2025-10-20 09:07:36.670 [info] > git rev-parse --show-toplevel [32ms]
2025-10-20 09:07:36.670 [info] fatal: not a git repository (or any parent up to mount point /)
Stopping at filesystem boundary (GIT_DISCOVERY_ACROSS_FILESYSTEM not set).
2025-10-20 09:07:36.702 [info] > git rev-parse --show-toplevel [20ms]
2025-10-20 09:07:36.702 [info] fatal: not a git repository (or any parent up to mount point /)
Stopping at filesystem boundary (GIT_DISCOVERY_ACROSS_FILESYSTEM not set).
2025-10-20 09:07:36.737 [info] > git rev-parse --show-toplevel [23ms]
2025-10-20 09:07:36.737 [info] fatal: not a git repository (or any parent up to mount point /)
Stopping at filesystem boundary (GIT_DISCOVERY_ACROSS_FILESYSTEM not set).
2025-10-20 09:07:36.758 [info] > git rev-parse --show-toplevel [8ms]
2025-10-20 09:07:36.759 [info] fatal: not a git repository (or any parent up to mount point /)
Stopping at filesystem boundary (GIT_DISCOVERY_ACROSS_FILESYSTEM not set).
2025-10-20 09:07:36.780 [info] > git rev-parse --show-toplevel [5ms]
2025-10-20 09:07:36.780 [info] fatal: not a git repository (or any parent up to mount point /)
Stopping at filesystem boundary (GIT_DISCOVERY_ACROSS_FILESYSTEM not set).
2025-10-20 09:07:36.793 [info] > git rev-parse --show-toplevel [1ms]
2025-10-20 09:07:36.793 [info] fatal: not a git repository (or any parent up to mount point /)
Stopping at filesystem boundary (GIT_DISCOVERY_ACROSS_FILESYSTEM not set).
2025-10-20 09:07:36.807 [info] > git rev-parse --show-toplevel [4ms]
2025-10-20 09:07:36.807 [info] fatal: not a git repository (or any parent up to mount point /)
Stopping at filesystem boundary (GIT_DISCOVERY_ACROSS_FILESYSTEM not set).
2025-10-20 09:07:36.826 [info] > git rev-parse --show-toplevel [9ms]
2025-10-20 09:07:36.826 [info] fatal: not a git repository (or any parent up to mount point /)
Stopping at filesystem boundary (GIT_DISCOVERY_ACROSS_FILESYSTEM not set).
2025-10-20 09:07:36.838 [info] > git rev-parse --show-toplevel [1ms]
2025-10-20 09:07:36.838 [info] fatal: not a git repository (or any parent up to mount point /)
Stopping at filesystem boundary (GIT_DISCOVERY_ACROSS_FILESYSTEM not set).
2025-10-20 09:07:36.850 [info] > git rev-parse --show-toplevel [3ms]
2025-10-20 09:07:36.850 [info] fatal: not a git repository (or any parent up to mount point /)
Stopping at filesystem boundary (GIT_DISCOVERY_ACROSS_FILESYSTEM not set).
2025-10-20 09:07:36.881 [info] > git rev-parse --show-toplevel [4ms]
2025-10-20 09:07:36.881 [info] fatal: not a git repository (or any parent up to mount point /)
Stopping at filesystem boundary (GIT_DISCOVERY_ACROSS_FILESYSTEM not set).
2025-10-20 09:07:36.892 [info] > git rev-parse --show-toplevel [2ms]
2025-10-20 09:07:36.892 [info] fatal: not a git repository (or any parent up to mount point /)
Stopping at filesystem boundary (GIT_DISCOVERY_ACROSS_FILESYSTEM not set).
2025-10-20 09:07:36.893 [info] [Model][doInitialScan] Initial repository scan completed - repositories (0), closed repositories (0), parent repositories (0), unsafe repositories (0)
