Initializing document watcher...
Document watcher initialized
gandinehru35/banking-app/Dockerfile: {}
gandinehru35/banking-app/Dockerfile: {}
gandinehru35/banking-app/Dockerfile: {}
gandinehru35/banking-app/k8s/secret.yaml: {}
gandinehru35/banking-app/k8s/secret.yaml: Using EditorConfig core...
gandinehru35/banking-app/k8s/secret.yaml: Using EditorConfig core...
gandinehru35/banking-app/k8s/secret.yaml: Using EditorConfig core...
gandinehru35/banking-app/k8s/secret.yaml: Using EditorConfig core...
gandinehru35/banking-app/k8s/secret.yaml: {}
gandinehru35/banking-app/k8s/secret.yaml: {}
gandinehru35/banking-app/k8s/secret.yaml: Using EditorConfig core...
gandinehru35/banking-app/k8s/secret.yaml: {}
gandinehru35/banking-app/k8s/secret.yaml: {}
gandinehru35/banking-app/k8s/secret.yaml: {}
gandinehru35/banking-app/k8s/secret.yaml: Using EditorConfig core...
gandinehru35/banking-app/k8s/secret.yaml: Using EditorConfig core...
gandinehru35/banking-app/k8s/secret.yaml: {}
gandinehru35/banking-app/k8s/deployment.yaml: {}
gandinehru35/banking-app/k8s/deployment.yaml: Using EditorConfig core...
gandinehru35/banking-app/k8s/deployment.yaml: {}
gandinehru35/banking-app/k8s/service.yaml: {}
gandinehru35/banking-app/k8s/service.yaml: Using EditorConfig core...
gandinehru35/banking-app/k8s/service.yaml: Using EditorConfig core...
gandinehru35/banking-app/k8s/service.yaml: {}
gandinehru35/banking-app/k8s/ingress.yaml: {}
gandinehru35/banking-app/k8s/ingress.yaml: Using EditorConfig core...
gandinehru35/banking-app/k8s/ingress.yaml: Using EditorConfig core...
gandinehru35/banking-app/k8s/ingress.yaml: {}
gandinehru35/banking-app/k8s/ingress.yaml: {}
gandinehru35/banking-app/k8s/manage-cert.yaml: {}
gandinehru35/banking-app/k8s/manage-cert.yaml: Using EditorConfig core...
gandinehru35/banking-app/k8s/manage-cert.yaml: Using EditorConfig core...
gandinehru35/banking-app/k8s/manage-cert.yaml: Using EditorConfig core...
gandinehru35/banking-app/k8s/manage-cert.yaml: {}
gandinehru35/banking-app/k8s/manage-cert.yaml: {}
