Initializing document watcher...
Document watcher initialized
gandinehru35/day1of7/ingress.yaml: {}
gandinehru35/day1of7/ingress.yaml: {}
gandinehru35/day1of7/ingress.yaml: {}
gandinehru35/day1of7/managed-cert: {}
gandinehru35/day1of7/managed-cert: {}
gandinehru35/day1of7/managed-cert: Using EditorConfig core...
gandinehru35/day1of7/managed-cert: Using EditorConfig core...
gandinehru35/day1of7/managed-cert: Using EditorConfig core...
gandinehru35/day1of7/managed-cert: Using EditorConfig core...
gandinehru35/day1of7/managed-cert: Using EditorConfig core...
gandinehru35/day1of7/managed-cert: {}
gandinehru35/day1of7/ingress.yaml: {}
gandinehru35/day1of7/ingress.yaml: Using EditorConfig core...
gandinehru35/day1of7/ingress.yaml: Using EditorConfig core...
gandinehru35/day1of7/ingress.yaml: Using EditorConfig core...
gandinehru35/day1of7/ingress.yaml: Using EditorConfig core...
gandinehru35/day1of7/ingress.yaml: Using EditorConfig core...
gandinehru35/day1of7/ingress.yaml: Using EditorConfig core...
gandinehru35/day1of7/ingress.yaml: Using EditorConfig core...
gandinehru35/day1of7/ingress.yaml: Using EditorConfig core...
gandinehru35/day1of7/ingress.yaml: {}
gandinehru35/day1of7/ingress.yaml: {}
gandinehru35/day1of7/ingress.yaml: {}
gandinehru35/day1of7/managed-cert: {}
gandinehru35/day1of7/managed-cert.yaml: {}
gandinehru35/day1of7/managed-cert.yaml: {}
gandinehru35/day1of7/managed-cert.yaml: {}
gandinehru35/day1of7/db-secrets.yaml: {}
gandinehru35/day1of7/db-secrets.yaml: {}
gandinehru35/day1of7/db-secret.yaml: {}
gandinehru35/day1of7/db-secret.yaml: {}
gandinehru35/day1of7/db-secret.yaml: {}
gandinehru35/day1of7/db-secret.yaml: Using EditorConfig core...
gandinehru35/day1of7/db-secret.yaml: Using EditorConfig core...
gandinehru35/day1of7/db-secret.yaml: {}
gandinehru35/day1of7/db-secret.yaml: {}
gandinehru35/day1of7/db-secret.yaml: {}
gandinehru35/day1of7/postgres-statefulset: {}
gandinehru35/day1of7/postgres-statefulset: {}
gandinehru35/day1of7/postgres-statefulset.yaml: {}
gandinehru35/day1of7/postgres-statefulset.yaml: Using EditorConfig core...
gandinehru35/day1of7/postgres-statefulset.yaml: Using EditorConfig core...
gandinehru35/day1of7/postgres-statefulset.yaml: Using EditorConfig core...
gandinehru35/day1of7/postgres-statefulset.yaml: {}
gandinehru35/day1of7/postgres-service.yaml: {}
gandinehru35/day1of7/postgres-service.yaml: Using EditorConfig core...
gandinehru35/day1of7/postgres-statefulset.yaml: {}
gandinehru35/day1of7/postgres-statefulset.yaml: Using EditorConfig core...
gandinehru35/day1of7/postgres-statefulset.yaml: {}
gandinehru35/day1of7/postgres-statefulset.yaml: {}
gandinehru35/day1of7/deployment.yaml: {}
gandinehru35/day1of7/deployment.yaml: Using EditorConfig core...
gandinehru35/day1of7/deployment.yaml: Using EditorConfig core...
gandinehru35/day1of7/deployment.yaml: Using EditorConfig core...
gandinehru35/day1of7/deployment.yaml: {}
gandinehru35/day1of7/deployment.yaml: {}
gandinehru35/day1of7/deployment.yaml: Using EditorConfig core...
gandinehru35/day1of7/deployment.yaml: Using EditorConfig core...
gandinehru35/day1of7/deployment.yaml: Using EditorConfig core...
gandinehru35/day1of7/deployment.yaml: Using EditorConfig core...
gandinehru35/day1of7/deployment.yaml: Using EditorConfig core...
gandinehru35/day1of7/deployment.yaml: Using EditorConfig core...
gandinehru35/day1of7/deployment.yaml: Using EditorConfig core...
gandinehru35/day1of7/deployment.yaml: Using EditorConfig core...
gandinehru35/day1of7/deployment.yaml: Using EditorConfig core...
gandinehru35/day1of7/deployment.yaml: Using EditorConfig core...
gandinehru35/day1of7/deployment.yaml: Using EditorConfig core...
gandinehru35/day1of7/deployment.yaml: Using EditorConfig core...
gandinehru35/day1of7/deployment.yaml: Using EditorConfig core...
gandinehru35/day1of7/deployment.yaml: Using EditorConfig core...
gandinehru35/day1of7/deployment.yaml: Using EditorConfig core...
gandinehru35/day1of7/deployment.yaml: Using EditorConfig core...
gandinehru35/day1of7/deployment.yaml: Using EditorConfig core...
gandinehru35/day1of7/deployment.yaml: Using EditorConfig core...
gandinehru35/day1of7/deployment.yaml: Using EditorConfig core...
gandinehru35/day1of7/deployment.yaml: Using EditorConfig core...
gandinehru35/day1of7/deployment.yaml: Using EditorConfig core...
gandinehru35/day1of7/deployment.yaml: Using EditorConfig core...
gandinehru35/day1of7/deployment.yaml: Using EditorConfig core...
gandinehru35/day1of7/deployment.yaml: Using EditorConfig core...
gandinehru35/day1of7/deployment.yaml: Using EditorConfig core...
gandinehru35/day1of7/deployment.yaml: Using EditorConfig core...
gandinehru35/day1of7/deployment.yaml: Using EditorConfig core...
gandinehru35/day1of7/deployment.yaml: Using EditorConfig core...
gandinehru35/day1of7/deployment.yaml: Using EditorConfig core...
gandinehru35/day1of7/deployment.yaml: Using EditorConfig core...
gandinehru35/day1of7/deployment.yaml: Using EditorConfig core...
gandinehru35/day1of7/deployment.yaml: Using EditorConfig core...
gandinehru35/day1of7/deployment.yaml: {}
gandinehru35/day1of7/deployment.yaml: Using EditorConfig core...
gandinehru35/day1of7/deployment.yaml: Using EditorConfig core...
gandinehru35/day1of7/deployment.yaml: {}
gandinehru35/day1of7/deployment.yaml: {}
gandinehru35/day1of7/deployment.yaml: Using EditorConfig core...
