2025-10-18 17:53:44.711 [info] [main] Log level: Info
2025-10-18 17:53:44.711 [info] [main] Validating found git in: "git"
2025-10-18 17:53:44.711 [info] [main] Using git "2.43.0" from "git"
2025-10-18 17:53:44.711 [info] [Model][doInitialScan] Initial repository scan started
2025-10-18 17:53:44.711 [info] > git rev-parse --show-toplevel [4ms]
2025-10-18 17:53:44.711 [info] fatal: not a git repository (or any parent up to mount point /)
Stopping at filesystem boundary (GIT_DISCOVERY_ACROSS_FILESYSTEM not set).
2025-10-18 17:53:44.711 [info] > git rev-parse --show-toplevel [4ms]
2025-10-18 17:53:44.711 [info] fatal: not a git repository (or any parent up to mount point /)
Stopping at filesystem boundary (GIT_DISCOVERY_ACROSS_FILESYSTEM not set).
2025-10-18 17:53:44.711 [info] > git rev-parse --show-toplevel [1689ms]
2025-10-18 17:53:44.711 [info] fatal: not a git repository (or any parent up to mount point /)
Stopping at filesystem boundary (GIT_DISCOVERY_ACROSS_FILESYSTEM not set).
2025-10-18 17:53:44.830 [info] > git rev-parse --show-toplevel [120ms]
2025-10-18 17:53:44.830 [info] fatal: not a git repository (or any parent up to mount point /)
Stopping at filesystem boundary (GIT_DISCOVERY_ACROSS_FILESYSTEM not set).
2025-10-18 17:53:44.843 [info] > git rev-parse --show-toplevel [3ms]
2025-10-18 17:53:44.843 [info] fatal: not a git repository (or any parent up to mount point /)
Stopping at filesystem boundary (GIT_DISCOVERY_ACROSS_FILESYSTEM not set).
2025-10-18 17:53:47.306 [info] > git rev-parse --show-toplevel [485ms]
2025-10-18 17:53:47.306 [info] fatal: not a git repository (or any parent up to mount point /)
Stopping at filesystem boundary (GIT_DISCOVERY_ACROSS_FILESYSTEM not set).
2025-10-18 17:53:47.360 [info] > git rev-parse --show-toplevel [30ms]
2025-10-18 17:53:47.360 [info] fatal: not a git repository (or any parent up to mount point /)
Stopping at filesystem boundary (GIT_DISCOVERY_ACROSS_FILESYSTEM not set).
2025-10-18 17:53:47.420 [info] > git rev-parse --show-toplevel [40ms]
2025-10-18 17:53:47.421 [info] fatal: not a git repository (or any parent up to mount point /)
Stopping at filesystem boundary (GIT_DISCOVERY_ACROSS_FILESYSTEM not set).
2025-10-18 17:53:47.478 [info] > git rev-parse --show-toplevel [46ms]
2025-10-18 17:53:47.478 [info] fatal: not a git repository (or any parent up to mount point /)
Stopping at filesystem boundary (GIT_DISCOVERY_ACROSS_FILESYSTEM not set).
2025-10-18 17:53:47.502 [info] > git rev-parse --show-toplevel [15ms]
2025-10-18 17:53:47.502 [info] fatal: not a git repository (or any parent up to mount point /)
Stopping at filesystem boundary (GIT_DISCOVERY_ACROSS_FILESYSTEM not set).
2025-10-18 17:53:47.528 [info] > git rev-parse --show-toplevel [3ms]
2025-10-18 17:53:47.528 [info] fatal: not a git repository (or any parent up to mount point /)
Stopping at filesystem boundary (GIT_DISCOVERY_ACROSS_FILESYSTEM not set).
2025-10-18 17:53:47.555 [info] > git rev-parse --show-toplevel [19ms]
2025-10-18 17:53:47.555 [info] fatal: not a git repository (or any parent up to mount point /)
Stopping at filesystem boundary (GIT_DISCOVERY_ACROSS_FILESYSTEM not set).
2025-10-18 17:53:47.574 [info] > git rev-parse --show-toplevel [3ms]
2025-10-18 17:53:47.591 [info] > git rev-parse --git-dir --git-common-dir [6ms]
2025-10-18 17:53:47.610 [info] [Model][openRepository] Opened repository (path): /home/gandinehru35/anthos-service-mesh-samples
2025-10-18 17:53:47.610 [info] [Model][openRepository] Opened repository (real path): /home/gandinehru35/anthos-service-mesh-samples
2025-10-18 17:53:47.650 [info] > git rev-parse --show-toplevel [4ms]
2025-10-18 17:53:47.650 [info] fatal: not a git repository (or any parent up to mount point /)
Stopping at filesystem boundary (GIT_DISCOVERY_ACROSS_FILESYSTEM not set).
2025-10-18 17:53:47.650 [info] [Model][doInitialScan] Initial repository scan completed - repositories (1), closed repositories (0), parent repositories (0), unsafe repositories (0)
2025-10-18 17:53:47.654 [info] > git config --get commit.template [26ms]
2025-10-18 17:53:47.711 [info] > git for-each-ref --format=%(refname)%00%(upstream:short)%00%(objectname)%00%(upstream:track)%00%(upstream:remotename)%00%(upstream:remoteref) refs/heads/main refs/remotes/main [24ms]
2025-10-18 17:53:47.714 [info] > git rev-parse --show-toplevel [41ms]
2025-10-18 17:53:47.714 [info] fatal: not a git repository (or any parent up to mount point /)
Stopping at filesystem boundary (GIT_DISCOVERY_ACROSS_FILESYSTEM not set).
2025-10-18 17:53:47.725 [warning] [Git][revParse] Unable to read file: ENOENT: no such file or directory, open '/home/gandinehru35/anthos-service-mesh-samples/.git/refs/remotes/origin/main'
2025-10-18 17:53:47.728 [info] > git rev-parse refs/remotes/origin/main [3ms]
2025-10-18 17:53:47.763 [info] > git for-each-ref --sort -committerdate --format %(refname)%00%(objectname)%00%(*objectname) [8ms]
2025-10-18 17:53:47.807 [info] > git status -z -uall [69ms]
2025-10-18 17:53:47.873 [info] > git for-each-ref --format=%(refname)%00%(upstream:short)%00%(objectname)%00%(upstream:track)%00%(upstream:remotename)%00%(upstream:remoteref) refs/heads/main refs/remotes/main [38ms]
2025-10-18 17:53:47.930 [info] > git config --get commit.template [59ms]
2025-10-18 17:53:47.934 [info] > git config --get --local branch.main.vscode-merge-base [44ms]
2025-10-18 17:53:47.953 [info] > git for-each-ref --format=%(refname)%00%(upstream:short)%00%(objectname)%00%(upstream:track)%00%(upstream:remotename)%00%(upstream:remoteref) refs/heads/origin/main refs/remotes/origin/main [10ms]
2025-10-18 17:53:47.964 [info] > git for-each-ref --format=%(refname)%00%(upstream:short)%00%(objectname)%00%(upstream:track)%00%(upstream:remotename)%00%(upstream:remoteref) refs/heads/main refs/remotes/main [12ms]
2025-10-18 17:53:47.973 [warning] [Git][revParse] Unable to read file: ENOENT: no such file or directory, open '/home/gandinehru35/anthos-service-mesh-samples/.git/refs/remotes/origin/main'
2025-10-18 17:53:47.974 [info] > git merge-base refs/heads/main refs/remotes/origin/main [11ms]
2025-10-18 17:53:47.986 [info] > git rev-parse refs/remotes/origin/main [14ms]
2025-10-18 17:53:48.004 [info] > git diff --name-status -z --diff-filter=ADMR b41c31d0e31afb953fa17af9339e5204a740e2bc...refs/remotes/origin/main [22ms]
2025-10-18 17:53:48.006 [info] > git for-each-ref --sort -committerdate --format %(refname)%00%(objectname)%00%(*objectname) [4ms]
2025-10-18 17:53:48.034 [info] > git status -z -uall [40ms]
2025-10-18 17:53:48.568 [info] > git check-ignore -v -z --stdin [12ms]
2025-10-18 17:54:09.404 [info] > git rev-parse --show-toplevel [5ms]
2025-10-18 17:54:09.404 [info] fatal: not a git repository (or any parent up to mount point /)
Stopping at filesystem boundary (GIT_DISCOVERY_ACROSS_FILESYSTEM not set).
2025-10-18 17:54:34.521 [info] > git rev-parse --show-toplevel [3ms]
2025-10-18 17:54:34.521 [info] fatal: not a git repository (or any parent up to mount point /)
Stopping at filesystem boundary (GIT_DISCOVERY_ACROSS_FILESYSTEM not set).
2025-10-18 18:03:41.719 [info] > git rev-parse --show-toplevel [3ms]
2025-10-18 18:03:41.719 [info] fatal: not a git repository (or any parent up to mount point /)
Stopping at filesystem boundary (GIT_DISCOVERY_ACROSS_FILESYSTEM not set).
2025-10-18 18:04:19.363 [info] > git rev-parse --show-toplevel [4ms]
2025-10-18 18:04:19.363 [info] fatal: not a git repository (or any parent up to mount point /)
Stopping at filesystem boundary (GIT_DISCOVERY_ACROSS_FILESYSTEM not set).
