Initializing document watcher...
Document watcher initialized
gandinehru35/hello-chart/values.yaml: {}
gandinehru35/README-cloudshell.txt: {}
gandinehru35/day1of7/app.py: {}
gandinehru35/day1of7/Dockerfile: {}
gandinehru35/day1of7/Dockerfile: {}
gandinehru35/day1of7/Dockerfile: {}
gandinehru35/day1of7/Dockerfile: Using EditorConfig core...
gandinehru35/day1of7/app.py: {}
gandinehru35/day1of7/app.py: {}
gandinehru35/day1of7/app.py: Using EditorConfig core...
gandinehru35/day1of7/app.py: {}
gandinehru35/day1of7/app.py: {}
gandinehru35/day1of7/app.py: {}
gandinehru35/day1of7/deployment.yaml: {}
gandinehru35/day1of7/deployment.yaml: Using EditorConfig core...
gandinehru35/day1of7/deployment.yaml: Using EditorConfig core...
gandinehru35/day1of7/service.yaml: {}
gandinehru35/day1of7/service.yaml: {}
gandinehru35/day1of7/service.yaml: Using EditorConfig core...
gandinehru35/day1of7/deployment.yaml: {}
gandinehru35/day1of7/deployment.yaml: {}
gandinehru35/day1of7/deployment.yaml: {}
gandinehru35/day1of7/deployment.yaml: {}
gandinehru35/day1of7/deployment.yaml: Using EditorConfig core...
gandinehru35/day1of7/deployment.yaml: Using EditorConfig core...
gandinehru35/day1of7/deployment.yaml: Using EditorConfig core...
gandinehru35/day1of7/deployment.yaml: Using EditorConfig core...
